Epoch: [0][0/316]	 Time 0.455 (0.455)	Loss 0.6873 (0.6873)	Prec@1 56.250 (56.250)	Prec@5 100.000 (100.000)
Epoch: [0][10/316]	 Time 0.043 (0.078)	Loss 0.6937 (3.2470)	Prec@1 78.125 (60.795)	Prec@5 100.000 (100.000)
Epoch: [0][20/316]	 Time 0.032 (0.061)	Loss 0.3772 (2.3610)	Prec@1 78.125 (66.369)	Prec@5 100.000 (100.000)
Epoch: [0][30/316]	 Time 0.044 (0.055)	Loss 0.8382 (1.9869)	Prec@1 62.500 (68.851)	Prec@5 100.000 (100.000)
Epoch: [0][40/316]	 Time 0.049 (0.052)	Loss 0.4492 (1.6249)	Prec@1 81.250 (71.189)	Prec@5 100.000 (100.000)
Epoch: [0][50/316]	 Time 0.035 (0.050)	Loss 0.3833 (1.4028)	Prec@1 84.375 (73.284)	Prec@5 100.000 (100.000)
Epoch: [0][60/316]	 Time 0.049 (0.048)	Loss 1.8357 (1.6224)	Prec@1 46.875 (72.439)	Prec@5 100.000 (100.000)
Epoch: [0][70/316]	 Time 0.030 (0.046)	Loss 1.1765 (1.5134)	Prec@1 56.250 (70.907)	Prec@5 100.000 (100.000)
Epoch: [0][80/316]	 Time 0.031 (0.045)	Loss 0.7157 (1.4379)	Prec@1 50.000 (69.637)	Prec@5 100.000 (100.000)
Epoch: [0][90/316]	 Time 0.039 (0.043)	Loss 0.4937 (1.5223)	Prec@1 81.250 (69.986)	Prec@5 100.000 (100.000)
Epoch: [0][100/316]	 Time 0.031 (0.042)	Loss 0.5915 (1.4272)	Prec@1 53.125 (69.833)	Prec@5 100.000 (100.000)
Epoch: [0][110/316]	 Time 0.041 (0.042)	Loss 0.4253 (1.3513)	Prec@1 75.000 (69.848)	Prec@5 100.000 (100.000)
Epoch: [0][120/316]	 Time 0.050 (0.042)	Loss 0.4533 (1.2763)	Prec@1 75.000 (70.739)	Prec@5 100.000 (100.000)
Epoch: [0][130/316]	 Time 0.038 (0.041)	Loss 0.4402 (1.2103)	Prec@1 71.875 (71.517)	Prec@5 100.000 (100.000)
Epoch: [0][140/316]	 Time 0.036 (0.041)	Loss 0.1743 (1.1554)	Prec@1 93.750 (72.385)	Prec@5 100.000 (100.000)
Epoch: [0][150/316]	 Time 0.034 (0.041)	Loss 0.2640 (1.1042)	Prec@1 87.500 (73.013)	Prec@5 100.000 (100.000)
Epoch: [0][160/316]	 Time 0.041 (0.040)	Loss 0.3513 (1.0601)	Prec@1 81.250 (73.641)	Prec@5 100.000 (100.000)
Epoch: [0][170/316]	 Time 0.042 (0.040)	Loss 0.2784 (1.0154)	Prec@1 81.250 (74.488)	Prec@5 100.000 (100.000)
Epoch: [0][180/316]	 Time 0.037 (0.040)	Loss 0.2489 (0.9795)	Prec@1 84.375 (75.121)	Prec@5 100.000 (100.000)
Epoch: [0][190/316]	 Time 0.033 (0.040)	Loss 0.1239 (0.9434)	Prec@1 96.875 (75.785)	Prec@5 100.000 (100.000)
Epoch: [0][200/316]	 Time 0.031 (0.040)	Loss 0.6730 (0.9104)	Prec@1 75.000 (76.461)	Prec@5 100.000 (100.000)
Epoch: [0][210/316]	 Time 0.040 (0.040)	Loss 0.1405 (0.8799)	Prec@1 96.875 (76.985)	Prec@5 100.000 (100.000)
Epoch: [0][220/316]	 Time 0.031 (0.039)	Loss 0.3185 (0.8550)	Prec@1 87.500 (77.347)	Prec@5 100.000 (100.000)
Epoch: [0][230/316]	 Time 0.035 (0.039)	Loss 0.2041 (0.8295)	Prec@1 87.500 (77.800)	Prec@5 100.000 (100.000)
Epoch: [0][240/316]	 Time 0.041 (0.039)	Loss 0.1740 (0.8052)	Prec@1 93.750 (78.281)	Prec@5 100.000 (100.000)
Epoch: [0][250/316]	 Time 0.031 (0.039)	Loss 0.1892 (0.7835)	Prec@1 90.625 (78.685)	Prec@5 100.000 (100.000)
Epoch: [0][260/316]	 Time 0.054 (0.039)	Loss 0.2451 (0.7634)	Prec@1 84.375 (79.083)	Prec@5 100.000 (100.000)
Epoch: [0][270/316]	 Time 0.030 (0.038)	Loss 0.3055 (0.7456)	Prec@1 84.375 (79.393)	Prec@5 100.000 (100.000)
Epoch: [0][280/316]	 Time 0.042 (0.038)	Loss 0.3342 (0.7283)	Prec@1 87.500 (79.771)	Prec@5 100.000 (100.000)
Epoch: [0][290/316]	 Time 0.033 (0.038)	Loss 0.2817 (0.7113)	Prec@1 93.750 (80.165)	Prec@5 100.000 (100.000)
Epoch: [0][300/316]	 Time 0.031 (0.038)	Loss 0.2739 (0.6954)	Prec@1 87.500 (80.513)	Prec@5 100.000 (100.000)
Epoch: [0][310/316]	 Time 0.031 (0.038)	Loss 0.0966 (0.6801)	Prec@1 96.875 (80.828)	Prec@5 100.000 (100.000)
Test: [0/40]	Time 0.233 (0.233)	Loss 0.0071 (0.0071)	Prec@1 100.000 (100.000)	Prec@5 100.000 (100.000)
Test: [10/40]	Time 0.057 (0.061)	Loss 0.0502 (0.0702)	Prec@1 96.875 (96.875)	Prec@5 100.000 (100.000)
Test: [20/40]	Time 0.043 (0.056)	Loss 0.0904 (0.1105)	Prec@1 93.750 (94.940)	Prec@5 100.000 (100.000)
Test: [30/40]	Time 0.048 (0.054)	Loss 0.2698 (0.1881)	Prec@1 87.500 (92.339)	Prec@5 100.000 (100.000)
Epoch: [1][0/316]	 Time 0.237 (0.237)	Loss 0.1725 (0.1725)	Prec@1 96.875 (96.875)	Prec@5 100.000 (100.000)
Epoch: [1][10/316]	 Time 0.031 (0.052)	Loss 0.2114 (0.2942)	Prec@1 90.625 (85.795)	Prec@5 100.000 (100.000)
Epoch: [1][20/316]	 Time 0.032 (0.043)	Loss 0.0686 (0.2416)	Prec@1 96.875 (88.690)	Prec@5 100.000 (100.000)
Epoch: [1][30/316]	 Time 0.036 (0.040)	Loss 0.1759 (0.2719)	Prec@1 87.500 (88.105)	Prec@5 100.000 (100.000)
Epoch: [1][40/316]	 Time 0.033 (0.039)	Loss 0.2537 (0.2743)	Prec@1 87.500 (88.491)	Prec@5 100.000 (100.000)
Epoch: [1][50/316]	 Time 0.030 (0.038)	Loss 0.1791 (0.2712)	Prec@1 93.750 (88.542)	Prec@5 100.000 (100.000)
Epoch: [1][60/316]	 Time 0.032 (0.037)	Loss 0.1371 (0.2614)	Prec@1 93.750 (88.986)	Prec@5 100.000 (100.000)
Epoch: [1][70/316]	 Time 0.056 (0.038)	Loss 0.2107 (0.2660)	Prec@1 87.500 (88.776)	Prec@5 100.000 (100.000)
Epoch: [1][80/316]	 Time 0.031 (0.037)	Loss 0.1040 (0.2608)	Prec@1 100.000 (89.120)	Prec@5 100.000 (100.000)
Epoch: [1][90/316]	 Time 0.032 (0.037)	Loss 0.5529 (0.2607)	Prec@1 75.000 (89.251)	Prec@5 100.000 (100.000)
Epoch: [1][100/316]	 Time 0.034 (0.036)	Loss 0.2654 (0.2582)	Prec@1 90.625 (89.356)	Prec@5 100.000 (100.000)
Epoch: [1][110/316]	 Time 0.030 (0.036)	Loss 0.4145 (0.2672)	Prec@1 75.000 (88.880)	Prec@5 100.000 (100.000)
Epoch: [1][120/316]	 Time 0.041 (0.036)	Loss 0.1488 (0.2620)	Prec@1 93.750 (89.179)	Prec@5 100.000 (100.000)
Epoch: [1][130/316]	 Time 0.037 (0.036)	Loss 0.1218 (0.2573)	Prec@1 100.000 (89.504)	Prec@5 100.000 (100.000)
Epoch: [1][140/316]	 Time 0.033 (0.036)	Loss 0.1951 (0.2540)	Prec@1 87.500 (89.738)	Prec@5 100.000 (100.000)
Epoch: [1][150/316]	 Time 0.031 (0.036)	Loss 0.1352 (0.2504)	Prec@1 93.750 (89.776)	Prec@5 100.000 (100.000)
Epoch: [1][160/316]	 Time 0.030 (0.036)	Loss 0.1186 (0.2503)	Prec@1 100.000 (89.829)	Prec@5 100.000 (100.000)
Epoch: [1][170/316]	 Time 0.034 (0.036)	Loss 0.1009 (0.2494)	Prec@1 100.000 (89.894)	Prec@5 100.000 (100.000)
Epoch: [1][180/316]	 Time 0.032 (0.036)	Loss 0.1179 (0.2464)	Prec@1 100.000 (90.124)	Prec@5 100.000 (100.000)
Epoch: [1][190/316]	 Time 0.030 (0.036)	Loss 0.2598 (0.2431)	Prec@1 84.375 (90.200)	Prec@5 100.000 (100.000)
Epoch: [1][200/316]	 Time 0.032 (0.036)	Loss 0.1086 (0.2427)	Prec@1 96.875 (90.236)	Prec@5 100.000 (100.000)
Epoch: [1][210/316]	 Time 0.051 (0.036)	Loss 0.3483 (0.2418)	Prec@1 75.000 (90.181)	Prec@5 100.000 (100.000)
Epoch: [1][220/316]	 Time 0.041 (0.036)	Loss 0.0539 (0.2396)	Prec@1 96.875 (90.229)	Prec@5 100.000 (100.000)
Epoch: [1][230/316]	 Time 0.034 (0.036)	Loss 0.2243 (0.2400)	Prec@1 87.500 (90.206)	Prec@5 100.000 (100.000)
Epoch: [1][240/316]	 Time 0.040 (0.036)	Loss 0.2556 (0.2379)	Prec@1 90.625 (90.301)	Prec@5 100.000 (100.000)
Epoch: [1][250/316]	 Time 0.030 (0.036)	Loss 0.2543 (0.2368)	Prec@1 90.625 (90.326)	Prec@5 100.000 (100.000)
Epoch: [1][260/316]	 Time 0.035 (0.036)	Loss 0.1654 (0.2367)	Prec@1 96.875 (90.445)	Prec@5 100.000 (100.000)
Epoch: [1][270/316]	 Time 0.034 (0.036)	Loss 0.1497 (0.2365)	Prec@1 93.750 (90.475)	Prec@5 100.000 (100.000)
Epoch: [1][280/316]	 Time 0.032 (0.036)	Loss 0.2959 (0.2391)	Prec@1 81.250 (90.391)	Prec@5 100.000 (100.000)
Epoch: [1][290/316]	 Time 0.030 (0.036)	Loss 0.2806 (0.2388)	Prec@1 84.375 (90.367)	Prec@5 100.000 (100.000)
Epoch: [1][300/316]	 Time 0.031 (0.036)	Loss 0.2830 (0.2422)	Prec@1 84.375 (90.365)	Prec@5 100.000 (100.000)
Epoch: [1][310/316]	 Time 0.063 (0.036)	Loss 0.2890 (0.2455)	Prec@1 87.500 (90.203)	Prec@5 100.000 (100.000)
Test: [0/40]	Time 0.226 (0.226)	Loss 0.0101 (0.0101)	Prec@1 100.000 (100.000)	Prec@5 100.000 (100.000)
Test: [10/40]	Time 0.068 (0.062)	Loss 0.0056 (0.0864)	Prec@1 100.000 (91.761)	Prec@5 100.000 (100.000)
Test: [20/40]	Time 0.046 (0.055)	Loss 0.0039 (0.0652)	Prec@1 100.000 (94.196)	Prec@5 100.000 (100.000)
Test: [30/40]	Time 0.045 (0.053)	Loss 10.8588 (7.3300)	Prec@1 56.250 (79.839)	Prec@5 100.000 (100.000)
Epoch: [2][0/316]	 Time 0.222 (0.222)	Loss 0.4617 (0.4617)	Prec@1 71.875 (71.875)	Prec@5 100.000 (100.000)
Epoch: [2][10/316]	 Time 0.030 (0.050)	Loss 0.4278 (0.4540)	Prec@1 75.000 (75.568)	Prec@5 100.000 (100.000)
Epoch: [2][20/316]	 Time 0.038 (0.045)	Loss 0.3762 (0.4401)	Prec@1 78.125 (76.488)	Prec@5 100.000 (100.000)
Epoch: [2][30/316]	 Time 0.029 (0.041)	Loss 0.3368 (0.4193)	Prec@1 87.500 (78.931)	Prec@5 100.000 (100.000)
Epoch: [2][40/316]	 Time 0.030 (0.040)	Loss 0.4082 (0.4069)	Prec@1 81.250 (80.183)	Prec@5 100.000 (100.000)
Epoch: [2][50/316]	 Time 0.040 (0.039)	Loss 0.2925 (0.3955)	Prec@1 90.625 (81.311)	Prec@5 100.000 (100.000)
Epoch: [2][60/316]	 Time 0.032 (0.038)	Loss 0.2149 (0.3895)	Prec@1 87.500 (81.660)	Prec@5 100.000 (100.000)
Epoch: [2][70/316]	 Time 0.030 (0.038)	Loss 0.2689 (0.3783)	Prec@1 87.500 (82.394)	Prec@5 100.000 (100.000)
Epoch: [2][80/316]	 Time 0.040 (0.038)	Loss 0.3338 (0.3812)	Prec@1 84.375 (82.176)	Prec@5 100.000 (100.000)
Epoch: [2][90/316]	 Time 0.039 (0.038)	Loss 0.3085 (0.3774)	Prec@1 81.250 (82.486)	Prec@5 100.000 (100.000)
Epoch: [2][100/316]	 Time 0.030 (0.038)	Loss 0.2430 (0.3750)	Prec@1 93.750 (82.642)	Prec@5 100.000 (100.000)
Epoch: [2][110/316]	 Time 0.031 (0.037)	Loss 0.2478 (0.3669)	Prec@1 87.500 (83.136)	Prec@5 100.000 (100.000)
Epoch: [2][120/316]	 Time 0.033 (0.037)	Loss 0.3877 (0.3588)	Prec@1 87.500 (83.678)	Prec@5 100.000 (100.000)
Epoch: [2][130/316]	 Time 0.043 (0.037)	Loss 0.1754 (0.3533)	Prec@1 90.625 (84.041)	Prec@5 100.000 (100.000)
Epoch: [2][140/316]	 Time 0.031 (0.037)	Loss 0.5456 (0.3512)	Prec@1 75.000 (84.131)	Prec@5 100.000 (100.000)
Epoch: [2][150/316]	 Time 0.034 (0.037)	Loss 0.2432 (0.3489)	Prec@1 87.500 (84.499)	Prec@5 100.000 (100.000)
Epoch: [2][160/316]	 Time 0.031 (0.037)	Loss 0.2849 (0.3432)	Prec@1 87.500 (84.802)	Prec@5 100.000 (100.000)
Epoch: [2][170/316]	 Time 0.031 (0.037)	Loss 0.1801 (0.3390)	Prec@1 90.625 (85.106)	Prec@5 100.000 (100.000)
Epoch: [2][180/316]	 Time 0.030 (0.036)	Loss 0.1643 (0.3362)	Prec@1 96.875 (85.376)	Prec@5 100.000 (100.000)
Epoch: [2][190/316]	 Time 0.043 (0.036)	Loss 0.3064 (0.3339)	Prec@1 87.500 (85.537)	Prec@5 100.000 (100.000)
Epoch: [2][200/316]	 Time 0.031 (0.036)	Loss 0.1957 (0.3307)	Prec@1 93.750 (85.759)	Prec@5 100.000 (100.000)
Epoch: [2][210/316]	 Time 0.031 (0.036)	Loss 0.4266 (0.3253)	Prec@1 87.500 (86.078)	Prec@5 100.000 (100.000)
Epoch: [2][220/316]	 Time 0.032 (0.036)	Loss 0.4758 (0.3207)	Prec@1 84.375 (86.326)	Prec@5 100.000 (100.000)
Epoch: [2][230/316]	 Time 0.036 (0.036)	Loss 0.1173 (0.3196)	Prec@1 100.000 (86.526)	Prec@5 100.000 (100.000)
Epoch: [2][240/316]	 Time 0.030 (0.036)	Loss 0.1687 (0.3149)	Prec@1 96.875 (86.735)	Prec@5 100.000 (100.000)
Epoch: [2][250/316]	 Time 0.030 (0.036)	Loss 0.1050 (0.3099)	Prec@1 93.750 (86.940)	Prec@5 100.000 (100.000)
Epoch: [2][260/316]	 Time 0.044 (0.036)	Loss 0.2904 (0.3058)	Prec@1 87.500 (87.153)	Prec@5 100.000 (100.000)
Epoch: [2][270/316]	 Time 0.030 (0.036)	Loss 0.2447 (0.3031)	Prec@1 90.625 (87.362)	Prec@5 100.000 (100.000)
Epoch: [2][280/316]	 Time 0.039 (0.036)	Loss 0.1863 (0.2986)	Prec@1 93.750 (87.567)	Prec@5 100.000 (100.000)
Epoch: [2][290/316]	 Time 0.031 (0.036)	Loss 0.2402 (0.2957)	Prec@1 87.500 (87.683)	Prec@5 100.000 (100.000)
Epoch: [2][300/316]	 Time 0.031 (0.036)	Loss 0.2642 (0.2944)	Prec@1 90.625 (87.780)	Prec@5 100.000 (100.000)
Epoch: [2][310/316]	 Time 0.030 (0.036)	Loss 0.3158 (0.2931)	Prec@1 93.750 (87.791)	Prec@5 100.000 (100.000)
Test: [0/40]	Time 0.241 (0.241)	Loss 0.0200 (0.0200)	Prec@1 100.000 (100.000)	Prec@5 100.000 (100.000)
Test: [10/40]	Time 0.060 (0.062)	Loss 0.0910 (0.1612)	Prec@1 100.000 (90.909)	Prec@5 100.000 (100.000)
Test: [20/40]	Time 0.060 (0.055)	Loss 0.0963 (0.1801)	Prec@1 93.750 (91.071)	Prec@5 100.000 (100.000)
Test: [30/40]	Time 0.040 (0.053)	Loss 0.0984 (0.1799)	Prec@1 100.000 (92.440)	Prec@5 100.000 (100.000)
Epoch: [3][0/316]	 Time 0.276 (0.276)	Loss 0.2133 (0.2133)	Prec@1 90.625 (90.625)	Prec@5 100.000 (100.000)
Epoch: [3][10/316]	 Time 0.033 (0.061)	Loss 0.2359 (0.1964)	Prec@1 87.500 (93.182)	Prec@5 100.000 (100.000)
Epoch: [3][20/316]	 Time 0.041 (0.049)	Loss 0.2884 (0.1877)	Prec@1 87.500 (92.857)	Prec@5 100.000 (100.000)
Epoch: [3][30/316]	 Time 0.033 (0.045)	Loss 0.4979 (0.2048)	Prec@1 78.125 (92.339)	Prec@5 100.000 (100.000)
Epoch: [3][40/316]	 Time 0.031 (0.043)	Loss 0.1088 (0.2079)	Prec@1 96.875 (91.921)	Prec@5 100.000 (100.000)
Epoch: [3][50/316]	 Time 0.036 (0.041)	Loss 0.1304 (0.2039)	Prec@1 93.750 (92.157)	Prec@5 100.000 (100.000)
Epoch: [3][60/316]	 Time 0.039 (0.040)	Loss 0.3432 (0.2068)	Prec@1 87.500 (92.059)	Prec@5 100.000 (100.000)
Epoch: [3][70/316]	 Time 0.035 (0.040)	Loss 0.4048 (0.2192)	Prec@1 87.500 (91.417)	Prec@5 100.000 (100.000)
Epoch: [3][80/316]	 Time 0.036 (0.040)	Loss 0.2790 (0.2194)	Prec@1 90.625 (91.667)	Prec@5 100.000 (100.000)
Epoch: [3][90/316]	 Time 0.038 (0.040)	Loss 0.1868 (0.2170)	Prec@1 90.625 (91.690)	Prec@5 100.000 (100.000)
Epoch: [3][100/316]	 Time 0.047 (0.040)	Loss 0.1543 (0.2132)	Prec@1 96.875 (91.863)	Prec@5 100.000 (100.000)
Epoch: [3][110/316]	 Time 0.031 (0.039)	Loss 0.4044 (0.2149)	Prec@1 87.500 (91.920)	Prec@5 100.000 (100.000)
Epoch: [3][120/316]	 Time 0.030 (0.039)	Loss 0.2473 (0.2189)	Prec@1 87.500 (91.658)	Prec@5 100.000 (100.000)
Epoch: [3][130/316]	 Time 0.035 (0.038)	Loss 0.1948 (0.2186)	Prec@1 90.625 (91.531)	Prec@5 100.000 (100.000)
Epoch: [3][140/316]	 Time 0.051 (0.038)	Loss 0.0573 (0.2134)	Prec@1 96.875 (91.711)	Prec@5 100.000 (100.000)
Epoch: [3][150/316]	 Time 0.034 (0.038)	Loss 0.1383 (0.2182)	Prec@1 96.875 (91.494)	Prec@5 100.000 (100.000)
Epoch: [3][160/316]	 Time 0.036 (0.038)	Loss 0.1947 (0.2175)	Prec@1 90.625 (91.498)	Prec@5 100.000 (100.000)
Epoch: [3][170/316]	 Time 0.030 (0.038)	Loss 0.3743 (0.2180)	Prec@1 78.125 (91.447)	Prec@5 100.000 (100.000)
Epoch: [3][180/316]	 Time 0.030 (0.038)	Loss 0.1627 (0.2173)	Prec@1 93.750 (91.540)	Prec@5 100.000 (100.000)
Epoch: [3][190/316]	 Time 0.032 (0.038)	Loss 0.0894 (0.2183)	Prec@1 96.875 (91.607)	Prec@5 100.000 (100.000)
Epoch: [3][200/316]	 Time 0.031 (0.038)	Loss 0.2410 (0.2211)	Prec@1 90.625 (91.418)	Prec@5 100.000 (100.000)
Epoch: [3][210/316]	 Time 0.032 (0.037)	Loss 0.2107 (0.2222)	Prec@1 90.625 (91.380)	Prec@5 100.000 (100.000)
Epoch: [3][220/316]	 Time 0.032 (0.037)	Loss 0.3709 (0.2207)	Prec@1 90.625 (91.459)	Prec@5 100.000 (100.000)
Epoch: [3][230/316]	 Time 0.034 (0.037)	Loss 0.5455 (0.2195)	Prec@1 81.250 (91.545)	Prec@5 100.000 (100.000)
Epoch: [3][240/316]	 Time 0.036 (0.037)	Loss 0.0875 (0.2191)	Prec@1 100.000 (91.546)	Prec@5 100.000 (100.000)
Epoch: [3][250/316]	 Time 0.034 (0.037)	Loss 0.4348 (0.2166)	Prec@1 81.250 (91.609)	Prec@5 100.000 (100.000)
Epoch: [3][260/316]	 Time 0.038 (0.037)	Loss 0.4380 (0.2170)	Prec@1 84.375 (91.619)	Prec@5 100.000 (100.000)
Epoch: [3][270/316]	 Time 0.039 (0.037)	Loss 0.2531 (0.2150)	Prec@1 84.375 (91.663)	Prec@5 100.000 (100.000)
Epoch: [3][280/316]	 Time 0.030 (0.037)	Loss 0.0916 (0.2135)	Prec@1 96.875 (91.715)	Prec@5 100.000 (100.000)
Epoch: [3][290/316]	 Time 0.031 (0.037)	Loss 0.1396 (0.2250)	Prec@1 96.875 (91.634)	Prec@5 100.000 (100.000)
Epoch: [3][300/316]	 Time 0.048 (0.037)	Loss 0.2662 (0.2264)	Prec@1 90.625 (91.601)	Prec@5 100.000 (100.000)
Epoch: [3][310/316]	 Time 0.041 (0.037)	Loss 0.1646 (0.2269)	Prec@1 90.625 (91.570)	Prec@5 100.000 (100.000)
Test: [0/40]	Time 0.224 (0.224)	Loss 0.0059 (0.0059)	Prec@1 100.000 (100.000)	Prec@5 100.000 (100.000)
Test: [10/40]	Time 0.034 (0.057)	Loss 0.0108 (0.0886)	Prec@1 100.000 (97.159)	Prec@5 100.000 (100.000)
Test: [20/40]	Time 0.035 (0.053)	Loss 0.2306 (0.1321)	Prec@1 90.625 (95.238)	Prec@5 100.000 (100.000)
Test: [30/40]	Time 0.036 (0.052)	Loss 0.2329 (0.1780)	Prec@1 84.375 (93.145)	Prec@5 100.000 (100.000)
Epoch: [4][0/316]	 Time 0.237 (0.237)	Loss 0.1813 (0.1813)	Prec@1 90.625 (90.625)	Prec@5 100.000 (100.000)
Epoch: [4][10/316]	 Time 0.033 (0.060)	Loss 0.1149 (0.1668)	Prec@1 93.750 (92.614)	Prec@5 100.000 (100.000)
Epoch: [4][20/316]	 Time 0.031 (0.048)	Loss 0.3183 (0.1638)	Prec@1 87.500 (93.304)	Prec@5 100.000 (100.000)
Epoch: [4][30/316]	 Time 0.031 (0.043)	Loss 0.1194 (0.1769)	Prec@1 96.875 (93.548)	Prec@5 100.000 (100.000)
Epoch: [4][40/316]	 Time 0.045 (0.041)	Loss 0.1309 (0.1722)	Prec@1 96.875 (94.207)	Prec@5 100.000 (100.000)
Epoch: [4][50/316]	 Time 0.030 (0.040)	Loss 0.1815 (0.1947)	Prec@1 93.750 (93.444)	Prec@5 100.000 (100.000)
Epoch: [4][60/316]	 Time 0.029 (0.039)	Loss 0.1958 (0.1985)	Prec@1 93.750 (93.084)	Prec@5 100.000 (100.000)
Epoch: [4][70/316]	 Time 0.031 (0.039)	Loss 0.1080 (0.1906)	Prec@1 93.750 (93.354)	Prec@5 100.000 (100.000)
Epoch: [4][80/316]	 Time 0.030 (0.038)	Loss 0.1022 (0.1865)	Prec@1 96.875 (93.519)	Prec@5 100.000 (100.000)
Epoch: [4][90/316]	 Time 0.030 (0.038)	Loss 0.1136 (0.1838)	Prec@1 93.750 (93.475)	Prec@5 100.000 (100.000)
Epoch: [4][100/316]	 Time 0.030 (0.038)	Loss 0.1257 (0.1816)	Prec@1 93.750 (93.472)	Prec@5 100.000 (100.000)
Epoch: [4][110/316]	 Time 0.030 (0.037)	Loss 0.1389 (0.1813)	Prec@1 96.875 (93.525)	Prec@5 100.000 (100.000)
Epoch: [4][120/316]	 Time 0.032 (0.037)	Loss 0.2905 (0.1812)	Prec@1 87.500 (93.440)	Prec@5 100.000 (100.000)
Epoch: [4][130/316]	 Time 0.046 (0.038)	Loss 0.1828 (0.1828)	Prec@1 96.875 (93.392)	Prec@5 100.000 (100.000)
Epoch: [4][140/316]	 Time 0.034 (0.037)	Loss 0.3969 (0.1837)	Prec@1 87.500 (93.285)	Prec@5 100.000 (100.000)
Epoch: [4][150/316]	 Time 0.042 (0.037)	Loss 0.1455 (0.2649)	Prec@1 96.875 (93.150)	Prec@5 100.000 (100.000)
Epoch: [4][160/316]	 Time 0.035 (0.037)	Loss 0.2424 (0.2660)	Prec@1 87.500 (92.935)	Prec@5 100.000 (100.000)
Epoch: [4][170/316]	 Time 0.030 (0.037)	Loss 0.2894 (0.2616)	Prec@1 87.500 (92.928)	Prec@5 100.000 (100.000)
Epoch: [4][180/316]	 Time 0.036 (0.037)	Loss 0.1272 (0.2608)	Prec@1 93.750 (92.818)	Prec@5 100.000 (100.000)
Epoch: [4][190/316]	 Time 0.036 (0.037)	Loss 0.0418 (0.2565)	Prec@1 100.000 (92.899)	Prec@5 100.000 (100.000)
Epoch: [4][200/316]	 Time 0.044 (0.037)	Loss 0.0476 (0.2490)	Prec@1 100.000 (93.066)	Prec@5 100.000 (100.000)
Epoch: [4][210/316]	 Time 0.031 (0.037)	Loss 0.1658 (0.2467)	Prec@1 96.875 (93.009)	Prec@5 100.000 (100.000)
Epoch: [4][220/316]	 Time 0.071 (0.037)	Loss 0.0644 (0.2424)	Prec@1 96.875 (93.071)	Prec@5 100.000 (100.000)
Epoch: [4][230/316]	 Time 0.032 (0.037)	Loss 0.0669 (0.2370)	Prec@1 96.875 (93.195)	Prec@5 100.000 (100.000)
Epoch: [4][240/316]	 Time 0.045 (0.037)	Loss 0.2013 (0.2336)	Prec@1 96.875 (93.218)	Prec@5 100.000 (100.000)
Epoch: [4][250/316]	 Time 0.034 (0.037)	Loss 0.2468 (0.2308)	Prec@1 87.500 (93.264)	Prec@5 100.000 (100.000)
Epoch: [4][260/316]	 Time 0.034 (0.037)	Loss 0.2375 (0.2299)	Prec@1 96.875 (93.271)	Prec@5 100.000 (100.000)
Epoch: [4][270/316]	 Time 0.037 (0.037)	Loss 0.1761 (0.2257)	Prec@1 93.750 (93.335)	Prec@5 100.000 (100.000)
Epoch: [4][280/316]	 Time 0.030 (0.037)	Loss 0.1424 (0.2247)	Prec@1 96.875 (93.316)	Prec@5 100.000 (100.000)
Epoch: [4][290/316]	 Time 0.041 (0.037)	Loss 0.1283 (0.2223)	Prec@1 90.625 (93.267)	Prec@5 100.000 (100.000)
Epoch: [4][300/316]	 Time 0.032 (0.037)	Loss 0.1613 (0.2201)	Prec@1 90.625 (93.283)	Prec@5 100.000 (100.000)
Epoch: [4][310/316]	 Time 0.032 (0.036)	Loss 0.0814 (0.2169)	Prec@1 96.875 (93.318)	Prec@5 100.000 (100.000)
Test: [0/40]	Time 0.218 (0.218)	Loss 0.0001 (0.0001)	Prec@1 100.000 (100.000)	Prec@5 100.000 (100.000)
Test: [10/40]	Time 0.045 (0.060)	Loss 0.0064 (0.0996)	Prec@1 100.000 (95.170)	Prec@5 100.000 (100.000)
Test: [20/40]	Time 0.036 (0.054)	Loss 0.0025 (0.1771)	Prec@1 100.000 (94.196)	Prec@5 100.000 (100.000)
Test: [30/40]	Time 0.041 (0.053)	Loss 0.0652 (0.1850)	Prec@1 100.000 (94.052)	Prec@5 100.000 (100.000)
Epoch: [5][0/316]	 Time 0.226 (0.226)	Loss 0.0520 (0.0520)	Prec@1 96.875 (96.875)	Prec@5 100.000 (100.000)
Epoch: [5][10/316]	 Time 0.044 (0.061)	Loss 0.6071 (0.2180)	Prec@1 87.500 (93.466)	Prec@5 100.000 (100.000)
Epoch: [5][20/316]	 Time 0.034 (0.050)	Loss 0.1531 (0.1881)	Prec@1 96.875 (94.048)	Prec@5 100.000 (100.000)
Epoch: [5][30/316]	 Time 0.029 (0.045)	Loss 0.1563 (0.1683)	Prec@1 90.625 (94.456)	Prec@5 100.000 (100.000)
Epoch: [5][40/316]	 Time 0.033 (0.042)	Loss 0.0227 (0.1572)	Prec@1 100.000 (94.817)	Prec@5 100.000 (100.000)
Epoch: [5][50/316]	 Time 0.029 (0.040)	Loss 0.2096 (0.1516)	Prec@1 90.625 (94.975)	Prec@5 100.000 (100.000)
Epoch: [5][60/316]	 Time 0.053 (0.040)	Loss 0.2102 (0.1519)	Prec@1 90.625 (94.723)	Prec@5 100.000 (100.000)
Epoch: [5][70/316]	 Time 0.046 (0.039)	Loss 0.0920 (0.1628)	Prec@1 96.875 (94.234)	Prec@5 100.000 (100.000)
Epoch: [5][80/316]	 Time 0.036 (0.039)	Loss 0.1243 (0.1628)	Prec@1 93.750 (94.290)	Prec@5 100.000 (100.000)
Epoch: [5][90/316]	 Time 0.030 (0.038)	Loss 0.0482 (0.1600)	Prec@1 100.000 (94.368)	Prec@5 100.000 (100.000)
Epoch: [5][100/316]	 Time 0.031 (0.038)	Loss 0.0841 (0.1587)	Prec@1 96.875 (94.400)	Prec@5 100.000 (100.000)
Epoch: [5][110/316]	 Time 0.034 (0.038)	Loss 0.5777 (0.1633)	Prec@1 81.250 (94.313)	Prec@5 100.000 (100.000)
Epoch: [5][120/316]	 Time 0.040 (0.037)	Loss 0.3408 (0.1629)	Prec@1 90.625 (94.344)	Prec@5 100.000 (100.000)
Epoch: [5][130/316]	 Time 0.041 (0.037)	Loss 0.1248 (0.1645)	Prec@1 96.875 (94.203)	Prec@5 100.000 (100.000)
Epoch: [5][140/316]	 Time 0.036 (0.037)	Loss 0.0473 (0.1629)	Prec@1 100.000 (94.282)	Prec@5 100.000 (100.000)
Epoch: [5][150/316]	 Time 0.058 (0.037)	Loss 0.3916 (0.1674)	Prec@1 84.375 (94.060)	Prec@5 100.000 (100.000)
Epoch: [5][160/316]	 Time 0.031 (0.037)	Loss 0.2717 (0.1717)	Prec@1 93.750 (93.886)	Prec@5 100.000 (100.000)
Epoch: [5][170/316]	 Time 0.029 (0.037)	Loss 0.2369 (0.1740)	Prec@1 87.500 (93.713)	Prec@5 100.000 (100.000)
Epoch: [5][180/316]	 Time 0.033 (0.037)	Loss 0.3947 (0.1730)	Prec@1 84.375 (93.715)	Prec@5 100.000 (100.000)
Epoch: [5][190/316]	 Time 0.031 (0.037)	Loss 0.1693 (0.1763)	Prec@1 93.750 (93.537)	Prec@5 100.000 (100.000)
Epoch: [5][200/316]	 Time 0.046 (0.036)	Loss 0.0671 (0.1756)	Prec@1 96.875 (93.532)	Prec@5 100.000 (100.000)
Epoch: [5][210/316]	 Time 0.044 (0.037)	Loss 0.1059 (0.1746)	Prec@1 93.750 (93.557)	Prec@5 100.000 (100.000)
Epoch: [5][220/316]	 Time 0.034 (0.037)	Loss 0.0545 (0.1714)	Prec@1 100.000 (93.665)	Prec@5 100.000 (100.000)
Epoch: [5][230/316]	 Time 0.038 (0.037)	Loss 0.3705 (0.1724)	Prec@1 81.250 (93.574)	Prec@5 100.000 (100.000)
Epoch: [5][240/316]	 Time 0.033 (0.037)	Loss 0.3753 (0.1741)	Prec@1 87.500 (93.543)	Prec@5 100.000 (100.000)
Epoch: [5][250/316]	 Time 0.047 (0.037)	Loss 0.2095 (0.1723)	Prec@1 90.625 (93.638)	Prec@5 100.000 (100.000)
Epoch: [5][260/316]	 Time 0.049 (0.037)	Loss 0.2719 (0.1702)	Prec@1 90.625 (93.726)	Prec@5 100.000 (100.000)
Epoch: [5][270/316]	 Time 0.041 (0.037)	Loss 0.0335 (0.1680)	Prec@1 100.000 (93.819)	Prec@5 100.000 (100.000)
Epoch: [5][280/316]	 Time 0.046 (0.037)	Loss 0.3232 (0.1676)	Prec@1 90.625 (93.850)	Prec@5 100.000 (100.000)
Epoch: [5][290/316]	 Time 0.043 (0.037)	Loss 0.2081 (0.1667)	Prec@1 93.750 (93.857)	Prec@5 100.000 (100.000)
Epoch: [5][300/316]	 Time 0.031 (0.037)	Loss 0.1992 (0.1650)	Prec@1 90.625 (93.926)	Prec@5 100.000 (100.000)
Epoch: [5][310/316]	 Time 0.039 (0.037)	Loss 0.1413 (0.1632)	Prec@1 96.875 (94.011)	Prec@5 100.000 (100.000)
Test: [0/40]	Time 0.211 (0.211)	Loss 0.0002 (0.0002)	Prec@1 100.000 (100.000)	Prec@5 100.000 (100.000)
Test: [10/40]	Time 0.055 (0.059)	Loss 0.0071 (0.0444)	Prec@1 100.000 (98.295)	Prec@5 100.000 (100.000)
Test: [20/40]	Time 0.048 (0.054)	Loss 0.0231 (0.0701)	Prec@1 100.000 (97.321)	Prec@5 100.000 (100.000)
Test: [30/40]	Time 0.058 (0.053)	Loss 0.2278 (0.1371)	Prec@1 90.625 (95.565)	Prec@5 100.000 (100.000)
Epoch: [6][0/316]	 Time 0.236 (0.236)	Loss 0.1128 (0.1128)	Prec@1 90.625 (90.625)	Prec@5 100.000 (100.000)
Epoch: [6][10/316]	 Time 0.036 (0.052)	Loss 0.5554 (0.1500)	Prec@1 87.500 (95.455)	Prec@5 100.000 (100.000)
Epoch: [6][20/316]	 Time 0.037 (0.045)	Loss 0.0973 (0.1496)	Prec@1 96.875 (94.196)	Prec@5 100.000 (100.000)
Epoch: [6][30/316]	 Time 0.033 (0.044)	Loss 0.0544 (0.1384)	Prec@1 96.875 (94.556)	Prec@5 100.000 (100.000)
Epoch: [6][40/316]	 Time 0.030 (0.042)	Loss 0.0262 (0.1315)	Prec@1 100.000 (94.970)	Prec@5 100.000 (100.000)
Epoch: [6][50/316]	 Time 0.033 (0.040)	Loss 0.0950 (0.1454)	Prec@1 93.750 (94.547)	Prec@5 100.000 (100.000)
Epoch: [6][60/316]	 Time 0.036 (0.039)	Loss 0.0242 (0.1422)	Prec@1 100.000 (94.621)	Prec@5 100.000 (100.000)
Epoch: [6][70/316]	 Time 0.031 (0.038)	Loss 0.5155 (0.1458)	Prec@1 78.125 (94.542)	Prec@5 100.000 (100.000)
Epoch: [6][80/316]	 Time 0.035 (0.038)	Loss 0.2658 (0.1397)	Prec@1 87.500 (94.715)	Prec@5 100.000 (100.000)
Epoch: [6][90/316]	 Time 0.033 (0.037)	Loss 0.0509 (0.1424)	Prec@1 100.000 (94.746)	Prec@5 100.000 (100.000)
Epoch: [6][100/316]	 Time 0.038 (0.037)	Loss 0.0788 (0.1392)	Prec@1 96.875 (94.895)	Prec@5 100.000 (100.000)
Epoch: [6][110/316]	 Time 0.033 (0.037)	Loss 0.4084 (0.1439)	Prec@1 87.500 (94.707)	Prec@5 100.000 (100.000)
Epoch: [6][120/316]	 Time 0.033 (0.037)	Loss 0.0797 (0.1402)	Prec@1 96.875 (94.861)	Prec@5 100.000 (100.000)
Epoch: [6][130/316]	 Time 0.040 (0.037)	Loss 0.0387 (0.1368)	Prec@1 100.000 (94.990)	Prec@5 100.000 (100.000)
Epoch: [6][140/316]	 Time 0.036 (0.037)	Loss 0.1499 (0.1387)	Prec@1 93.750 (94.925)	Prec@5 100.000 (100.000)
Epoch: [6][150/316]	 Time 0.043 (0.037)	Loss 0.2661 (0.1391)	Prec@1 90.625 (94.930)	Prec@5 100.000 (100.000)
Epoch: [6][160/316]	 Time 0.037 (0.037)	Loss 0.0692 (0.1378)	Prec@1 96.875 (94.953)	Prec@5 100.000 (100.000)
Epoch: [6][170/316]	 Time 0.032 (0.037)	Loss 0.1062 (0.1397)	Prec@1 93.750 (94.920)	Prec@5 100.000 (100.000)
Epoch: [6][180/316]	 Time 0.029 (0.037)	Loss 0.6154 (0.1399)	Prec@1 81.250 (94.924)	Prec@5 100.000 (100.000)
Epoch: [6][190/316]	 Time 0.041 (0.037)	Loss 0.0527 (0.1373)	Prec@1 96.875 (95.010)	Prec@5 100.000 (100.000)
Epoch: [6][200/316]	 Time 0.032 (0.037)	Loss 0.1487 (0.1372)	Prec@1 96.875 (95.040)	Prec@5 100.000 (100.000)
Epoch: [6][210/316]	 Time 0.031 (0.037)	Loss 0.0225 (0.1349)	Prec@1 100.000 (95.098)	Prec@5 100.000 (100.000)
Epoch: [6][220/316]	 Time 0.032 (0.037)	Loss 0.0801 (0.1356)	Prec@1 100.000 (95.079)	Prec@5 100.000 (100.000)
Epoch: [6][230/316]	 Time 0.033 (0.037)	Loss 0.1063 (0.1374)	Prec@1 96.875 (95.035)	Prec@5 100.000 (100.000)
Epoch: [6][240/316]	 Time 0.034 (0.037)	Loss 0.0675 (0.1378)	Prec@1 100.000 (95.021)	Prec@5 100.000 (100.000)
Epoch: [6][250/316]	 Time 0.038 (0.037)	Loss 0.2064 (0.1386)	Prec@1 90.625 (95.007)	Prec@5 100.000 (100.000)
Epoch: [6][260/316]	 Time 0.031 (0.037)	Loss 0.1112 (0.1386)	Prec@1 96.875 (94.983)	Prec@5 100.000 (100.000)
Epoch: [6][270/316]	 Time 0.033 (0.037)	Loss 0.1461 (0.1380)	Prec@1 93.750 (94.984)	Prec@5 100.000 (100.000)
Epoch: [6][280/316]	 Time 0.031 (0.036)	Loss 0.3095 (0.1393)	Prec@1 90.625 (94.929)	Prec@5 100.000 (100.000)
Epoch: [6][290/316]	 Time 0.044 (0.036)	Loss 0.0770 (0.1375)	Prec@1 96.875 (94.974)	Prec@5 100.000 (100.000)
Epoch: [6][300/316]	 Time 0.034 (0.036)	Loss 0.3752 (0.1384)	Prec@1 87.500 (94.985)	Prec@5 100.000 (100.000)
Epoch: [6][310/316]	 Time 0.033 (0.036)	Loss 0.1681 (0.1378)	Prec@1 87.500 (94.936)	Prec@5 100.000 (100.000)
Test: [0/40]	Time 0.227 (0.227)	Loss 0.0004 (0.0004)	Prec@1 100.000 (100.000)	Prec@5 100.000 (100.000)
Test: [10/40]	Time 0.048 (0.060)	Loss 0.0149 (0.1201)	Prec@1 100.000 (95.455)	Prec@5 100.000 (100.000)
Test: [20/40]	Time 0.049 (0.055)	Loss 0.0093 (0.1674)	Prec@1 100.000 (94.048)	Prec@5 100.000 (100.000)
Test: [30/40]	Time 0.059 (0.053)	Loss 0.0906 (0.1747)	Prec@1 100.000 (94.456)	Prec@5 100.000 (100.000)
Epoch: [7][0/316]	 Time 0.233 (0.233)	Loss 0.1126 (0.1126)	Prec@1 93.750 (93.750)	Prec@5 100.000 (100.000)
Epoch: [7][10/316]	 Time 0.034 (0.054)	Loss 0.0411 (0.1185)	Prec@1 100.000 (94.886)	Prec@5 100.000 (100.000)
Epoch: [7][20/316]	 Time 0.033 (0.044)	Loss 0.0528 (0.1194)	Prec@1 96.875 (94.792)	Prec@5 100.000 (100.000)
Epoch: [7][30/316]	 Time 0.040 (0.041)	Loss 0.1728 (0.1050)	Prec@1 93.750 (95.565)	Prec@5 100.000 (100.000)
Epoch: [7][40/316]	 Time 0.039 (0.039)	Loss 0.1077 (0.1064)	Prec@1 93.750 (95.351)	Prec@5 100.000 (100.000)
Epoch: [7][50/316]	 Time 0.032 (0.038)	Loss 0.0440 (0.1091)	Prec@1 100.000 (95.466)	Prec@5 100.000 (100.000)
Epoch: [7][60/316]	 Time 0.030 (0.037)	Loss 0.1886 (0.1187)	Prec@1 90.625 (95.389)	Prec@5 100.000 (100.000)
Epoch: [7][70/316]	 Time 0.039 (0.038)	Loss 0.0642 (0.1203)	Prec@1 96.875 (95.423)	Prec@5 100.000 (100.000)
Epoch: [7][80/316]	 Time 0.038 (0.038)	Loss 0.0519 (0.1141)	Prec@1 100.000 (95.833)	Prec@5 100.000 (100.000)
Epoch: [7][90/316]	 Time 0.029 (0.037)	Loss 0.0853 (0.1139)	Prec@1 96.875 (95.948)	Prec@5 100.000 (100.000)
Epoch: [7][100/316]	 Time 0.037 (0.037)	Loss 0.0452 (0.1132)	Prec@1 96.875 (96.009)	Prec@5 100.000 (100.000)
Epoch: [7][110/316]	 Time 0.040 (0.037)	Loss 0.1262 (0.1244)	Prec@1 90.625 (95.693)	Prec@5 100.000 (100.000)
Epoch: [7][120/316]	 Time 0.031 (0.037)	Loss 0.0937 (0.1240)	Prec@1 96.875 (95.739)	Prec@5 100.000 (100.000)
Epoch: [7][130/316]	 Time 0.041 (0.037)	Loss 0.1759 (0.1251)	Prec@1 93.750 (95.682)	Prec@5 100.000 (100.000)
Epoch: [7][140/316]	 Time 0.030 (0.037)	Loss 0.2871 (0.1238)	Prec@1 90.625 (95.678)	Prec@5 100.000 (100.000)
Epoch: [7][150/316]	 Time 0.046 (0.037)	Loss 0.0489 (0.1237)	Prec@1 96.875 (95.716)	Prec@5 100.000 (100.000)
Epoch: [7][160/316]	 Time 0.032 (0.037)	Loss 0.0343 (0.1222)	Prec@1 100.000 (95.807)	Prec@5 100.000 (100.000)
Epoch: [7][170/316]	 Time 0.047 (0.037)	Loss 0.0224 (0.1238)	Prec@1 100.000 (95.724)	Prec@5 100.000 (100.000)
Epoch: [7][180/316]	 Time 0.037 (0.037)	Loss 0.0430 (0.1242)	Prec@1 100.000 (95.649)	Prec@5 100.000 (100.000)
Epoch: [7][190/316]	 Time 0.030 (0.037)	Loss 0.0519 (0.1226)	Prec@1 100.000 (95.664)	Prec@5 100.000 (100.000)
Epoch: [7][200/316]	 Time 0.043 (0.037)	Loss 0.0584 (0.1197)	Prec@1 96.875 (95.756)	Prec@5 100.000 (100.000)
Epoch: [7][210/316]	 Time 0.038 (0.037)	Loss 0.0266 (0.1191)	Prec@1 100.000 (95.749)	Prec@5 100.000 (100.000)
Epoch: [7][220/316]	 Time 0.033 (0.037)	Loss 0.0489 (0.1191)	Prec@1 96.875 (95.758)	Prec@5 100.000 (100.000)
Epoch: [7][230/316]	 Time 0.045 (0.037)	Loss 0.0443 (0.1195)	Prec@1 100.000 (95.766)	Prec@5 100.000 (100.000)
Epoch: [7][240/316]	 Time 0.042 (0.037)	Loss 0.0217 (0.1173)	Prec@1 100.000 (95.851)	Prec@5 100.000 (100.000)
Epoch: [7][250/316]	 Time 0.046 (0.037)	Loss 0.1593 (0.1169)	Prec@1 93.750 (95.842)	Prec@5 100.000 (100.000)
Epoch: [7][260/316]	 Time 0.028 (0.037)	Loss 0.2567 (0.1197)	Prec@1 84.375 (95.738)	Prec@5 100.000 (100.000)
Epoch: [7][270/316]	 Time 0.033 (0.037)	Loss 0.0766 (0.1212)	Prec@1 96.875 (95.745)	Prec@5 100.000 (100.000)
Epoch: [7][280/316]	 Time 0.038 (0.037)	Loss 0.0576 (0.1208)	Prec@1 96.875 (95.741)	Prec@5 100.000 (100.000)
Epoch: [7][290/316]	 Time 0.030 (0.037)	Loss 0.2515 (0.1204)	Prec@1 87.500 (95.747)	Prec@5 100.000 (100.000)
Epoch: [7][300/316]	 Time 0.039 (0.037)	Loss 0.0899 (0.1198)	Prec@1 93.750 (95.785)	Prec@5 100.000 (100.000)
Epoch: [7][310/316]	 Time 0.036 (0.037)	Loss 0.1096 (0.1199)	Prec@1 96.875 (95.810)	Prec@5 100.000 (100.000)
Test: [0/40]	Time 0.209 (0.209)	Loss 0.0003 (0.0003)	Prec@1 100.000 (100.000)	Prec@5 100.000 (100.000)
Test: [10/40]	Time 0.036 (0.056)	Loss 0.0019 (0.0275)	Prec@1 100.000 (99.432)	Prec@5 100.000 (100.000)
Test: [20/40]	Time 0.055 (0.053)	Loss 0.0010 (0.0288)	Prec@1 100.000 (98.958)	Prec@5 100.000 (100.000)
Test: [30/40]	Time 0.035 (0.051)	Loss 0.5787 (0.1271)	Prec@1 68.750 (94.657)	Prec@5 100.000 (100.000)
Epoch: [8][0/316]	 Time 0.233 (0.233)	Loss 0.2219 (0.2219)	Prec@1 93.750 (93.750)	Prec@5 100.000 (100.000)
Epoch: [8][10/316]	 Time 0.034 (0.052)	Loss 0.0968 (0.1043)	Prec@1 93.750 (96.023)	Prec@5 100.000 (100.000)
Epoch: [8][20/316]	 Time 0.033 (0.043)	Loss 0.0281 (0.1042)	Prec@1 100.000 (96.429)	Prec@5 100.000 (100.000)
Epoch: [8][30/316]	 Time 0.036 (0.040)	Loss 0.0146 (0.0971)	Prec@1 100.000 (96.673)	Prec@5 100.000 (100.000)
Epoch: [8][40/316]	 Time 0.050 (0.039)	Loss 0.2044 (0.1074)	Prec@1 90.625 (96.265)	Prec@5 100.000 (100.000)
Epoch: [8][50/316]	 Time 0.030 (0.038)	Loss 0.0876 (0.1065)	Prec@1 93.750 (96.262)	Prec@5 100.000 (100.000)
Epoch: [8][60/316]	 Time 0.034 (0.038)	Loss 0.1093 (0.1199)	Prec@1 96.875 (95.645)	Prec@5 100.000 (100.000)
Epoch: [8][70/316]	 Time 0.042 (0.038)	Loss 0.2150 (0.1234)	Prec@1 93.750 (95.643)	Prec@5 100.000 (100.000)
Epoch: [8][80/316]	 Time 0.037 (0.038)	Loss 0.1960 (0.1261)	Prec@1 96.875 (95.563)	Prec@5 100.000 (100.000)
Epoch: [8][90/316]	 Time 0.033 (0.038)	Loss 0.0459 (0.1212)	Prec@1 96.875 (95.742)	Prec@5 100.000 (100.000)
Epoch: [8][100/316]	 Time 0.077 (0.038)	Loss 0.0353 (0.1199)	Prec@1 100.000 (95.761)	Prec@5 100.000 (100.000)
Epoch: [8][110/316]	 Time 0.034 (0.038)	Loss 0.2339 (0.1287)	Prec@1 93.750 (95.721)	Prec@5 100.000 (100.000)
Epoch: [8][120/316]	 Time 0.043 (0.037)	Loss 0.1088 (0.1268)	Prec@1 90.625 (95.764)	Prec@5 100.000 (100.000)
Epoch: [8][130/316]	 Time 0.043 (0.037)	Loss 0.2141 (0.1299)	Prec@1 87.500 (95.563)	Prec@5 100.000 (100.000)
Epoch: [8][140/316]	 Time 0.031 (0.037)	Loss 0.1558 (0.1291)	Prec@1 93.750 (95.567)	Prec@5 100.000 (100.000)
Epoch: [8][150/316]	 Time 0.044 (0.037)	Loss 0.0735 (0.1297)	Prec@1 96.875 (95.488)	Prec@5 100.000 (100.000)
Epoch: [8][160/316]	 Time 0.027 (0.037)	Loss 0.1660 (0.1320)	Prec@1 93.750 (95.419)	Prec@5 100.000 (100.000)
Epoch: [8][170/316]	 Time 0.029 (0.037)	Loss 0.0472 (0.1310)	Prec@1 100.000 (95.413)	Prec@5 100.000 (100.000)
Epoch: [8][180/316]	 Time 0.029 (0.037)	Loss 0.0695 (0.1293)	Prec@1 96.875 (95.494)	Prec@5 100.000 (100.000)
Epoch: [8][190/316]	 Time 0.033 (0.037)	Loss 0.2720 (0.1311)	Prec@1 90.625 (95.402)	Prec@5 100.000 (100.000)
Epoch: [8][200/316]	 Time 0.036 (0.037)	Loss 0.1212 (0.1296)	Prec@1 93.750 (95.414)	Prec@5 100.000 (100.000)
Epoch: [8][210/316]	 Time 0.053 (0.037)	Loss 0.1780 (0.1299)	Prec@1 93.750 (95.364)	Prec@5 100.000 (100.000)
Epoch: [8][220/316]	 Time 0.034 (0.037)	Loss 0.0524 (0.1286)	Prec@1 96.875 (95.404)	Prec@5 100.000 (100.000)
Epoch: [8][230/316]	 Time 0.031 (0.037)	Loss 0.3345 (0.1284)	Prec@1 93.750 (95.400)	Prec@5 100.000 (100.000)
Epoch: [8][240/316]	 Time 0.031 (0.037)	Loss 0.0955 (0.1287)	Prec@1 96.875 (95.358)	Prec@5 100.000 (100.000)
Epoch: [8][250/316]	 Time 0.031 (0.037)	Loss 0.1286 (0.1270)	Prec@1 96.875 (95.406)	Prec@5 100.000 (100.000)
Epoch: [8][260/316]	 Time 0.030 (0.037)	Loss 0.1458 (0.1273)	Prec@1 93.750 (95.342)	Prec@5 100.000 (100.000)
Epoch: [8][270/316]	 Time 0.040 (0.037)	Loss 0.0812 (0.1261)	Prec@1 96.875 (95.376)	Prec@5 100.000 (100.000)
Epoch: [8][280/316]	 Time 0.038 (0.037)	Loss 0.1075 (0.1274)	Prec@1 93.750 (95.318)	Prec@5 100.000 (100.000)
Epoch: [8][290/316]	 Time 0.040 (0.037)	Loss 0.0951 (0.1271)	Prec@1 93.750 (95.307)	Prec@5 100.000 (100.000)
Epoch: [8][300/316]	 Time 0.033 (0.037)	Loss 0.1732 (0.1271)	Prec@1 93.750 (95.338)	Prec@5 100.000 (100.000)
Epoch: [8][310/316]	 Time 0.047 (0.037)	Loss 0.0781 (0.1257)	Prec@1 96.875 (95.388)	Prec@5 100.000 (100.000)
Test: [0/40]	Time 0.202 (0.202)	Loss 0.0002 (0.0002)	Prec@1 100.000 (100.000)	Prec@5 100.000 (100.000)
Test: [10/40]	Time 0.043 (0.059)	Loss 0.0082 (0.0153)	Prec@1 100.000 (99.716)	Prec@5 100.000 (100.000)
Test: [20/40]	Time 0.049 (0.054)	Loss 0.0007 (0.0311)	Prec@1 100.000 (99.107)	Prec@5 100.000 (100.000)
Test: [30/40]	Time 0.048 (0.053)	Loss 0.4715 (0.0976)	Prec@1 81.250 (96.976)	Prec@5 100.000 (100.000)
Epoch: [9][0/316]	 Time 0.240 (0.240)	Loss 0.2091 (0.2091)	Prec@1 93.750 (93.750)	Prec@5 100.000 (100.000)
Epoch: [9][10/316]	 Time 0.033 (0.054)	Loss 0.0839 (0.0901)	Prec@1 96.875 (97.159)	Prec@5 100.000 (100.000)
Epoch: [9][20/316]	 Time 0.038 (0.045)	Loss 0.0445 (0.0933)	Prec@1 96.875 (96.429)	Prec@5 100.000 (100.000)
Epoch: [9][30/316]	 Time 0.031 (0.042)	Loss 0.2257 (0.1130)	Prec@1 93.750 (95.766)	Prec@5 100.000 (100.000)
Epoch: [9][40/316]	 Time 0.030 (0.040)	Loss 0.1649 (0.1099)	Prec@1 96.875 (95.960)	Prec@5 100.000 (100.000)
Epoch: [9][50/316]	 Time 0.033 (0.039)	Loss 0.0402 (0.1017)	Prec@1 96.875 (96.140)	Prec@5 100.000 (100.000)
Epoch: [9][60/316]	 Time 0.033 (0.038)	Loss 0.0343 (0.0973)	Prec@1 100.000 (96.260)	Prec@5 100.000 (100.000)
Epoch: [9][70/316]	 Time 0.032 (0.038)	Loss 0.0234 (0.0903)	Prec@1 100.000 (96.567)	Prec@5 100.000 (100.000)
Epoch: [9][80/316]	 Time 0.034 (0.038)	Loss 0.0386 (0.0936)	Prec@1 96.875 (96.489)	Prec@5 100.000 (100.000)
Epoch: [9][90/316]	 Time 0.039 (0.038)	Loss 0.0476 (0.0923)	Prec@1 96.875 (96.497)	Prec@5 100.000 (100.000)
Epoch: [9][100/316]	 Time 0.049 (0.038)	Loss 0.1635 (0.0938)	Prec@1 93.750 (96.473)	Prec@5 100.000 (100.000)
Epoch: [9][110/316]	 Time 0.032 (0.038)	Loss 0.0795 (0.0951)	Prec@1 96.875 (96.396)	Prec@5 100.000 (100.000)
Epoch: [9][120/316]	 Time 0.030 (0.037)	Loss 0.0407 (0.1248)	Prec@1 100.000 (96.436)	Prec@5 100.000 (100.000)
Epoch: [9][130/316]	 Time 0.035 (0.037)	Loss 0.3596 (0.1274)	Prec@1 87.500 (96.183)	Prec@5 100.000 (100.000)
Epoch: [9][140/316]	 Time 0.047 (0.037)	Loss 0.2296 (0.1354)	Prec@1 90.625 (95.745)	Prec@5 100.000 (100.000)
Epoch: [9][150/316]	 Time 0.049 (0.038)	Loss 0.1874 (0.1409)	Prec@1 84.375 (95.219)	Prec@5 100.000 (100.000)
Epoch: [9][160/316]	 Time 0.032 (0.037)	Loss 0.0944 (0.1435)	Prec@1 100.000 (95.070)	Prec@5 100.000 (100.000)
Epoch: [9][170/316]	 Time 0.031 (0.037)	Loss 0.1196 (0.1476)	Prec@1 96.875 (94.938)	Prec@5 100.000 (100.000)
Epoch: [9][180/316]	 Time 0.031 (0.037)	Loss 0.2021 (0.1487)	Prec@1 93.750 (94.890)	Prec@5 100.000 (100.000)
Epoch: [9][190/316]	 Time 0.037 (0.037)	Loss 0.0262 (0.1460)	Prec@1 100.000 (94.961)	Prec@5 100.000 (100.000)
Epoch: [9][200/316]	 Time 0.044 (0.037)	Loss 0.1952 (0.1458)	Prec@1 93.750 (94.932)	Prec@5 100.000 (100.000)
Epoch: [9][210/316]	 Time 0.031 (0.037)	Loss 0.0386 (0.1450)	Prec@1 100.000 (95.009)	Prec@5 100.000 (100.000)
Epoch: [9][220/316]	 Time 0.032 (0.037)	Loss 0.0980 (0.1436)	Prec@1 96.875 (94.980)	Prec@5 100.000 (100.000)
Epoch: [9][230/316]	 Time 0.030 (0.037)	Loss 0.0780 (0.1421)	Prec@1 96.875 (94.981)	Prec@5 100.000 (100.000)
Epoch: [9][240/316]	 Time 0.029 (0.036)	Loss 0.1711 (0.1410)	Prec@1 93.750 (95.008)	Prec@5 100.000 (100.000)
Epoch: [9][250/316]	 Time 0.034 (0.036)	Loss 0.3032 (0.1386)	Prec@1 84.375 (95.082)	Prec@5 100.000 (100.000)
Epoch: [9][260/316]	 Time 0.031 (0.036)	Loss 0.0199 (0.1365)	Prec@1 100.000 (95.151)	Prec@5 100.000 (100.000)
Epoch: [9][270/316]	 Time 0.048 (0.036)	Loss 0.0532 (0.1363)	Prec@1 96.875 (95.191)	Prec@5 100.000 (100.000)
Epoch: [9][280/316]	 Time 0.032 (0.037)	Loss 0.2170 (0.1366)	Prec@1 93.750 (95.151)	Prec@5 100.000 (100.000)
Epoch: [9][290/316]	 Time 0.066 (0.036)	Loss 0.1694 (0.1362)	Prec@1 96.875 (95.168)	Prec@5 100.000 (100.000)
Epoch: [9][300/316]	 Time 0.040 (0.037)	Loss 0.1172 (0.1349)	Prec@1 96.875 (95.224)	Prec@5 100.000 (100.000)
Epoch: [9][310/316]	 Time 0.032 (0.036)	Loss 0.2893 (0.1357)	Prec@1 96.875 (95.257)	Prec@5 100.000 (100.000)
Test: [0/40]	Time 0.217 (0.217)	Loss 0.0016 (0.0016)	Prec@1 100.000 (100.000)	Prec@5 100.000 (100.000)
Test: [10/40]	Time 0.041 (0.058)	Loss 0.0673 (0.0923)	Prec@1 100.000 (97.443)	Prec@5 100.000 (100.000)
Test: [20/40]	Time 0.049 (0.054)	Loss 0.0150 (0.2044)	Prec@1 100.000 (92.708)	Prec@5 100.000 (100.000)
Test: [30/40]	Time 0.059 (0.053)	Loss 0.1270 (0.2257)	Prec@1 93.750 (91.935)	Prec@5 100.000 (100.000)
Epoch: [10][0/316]	 Time 0.248 (0.248)	Loss 0.1555 (0.1555)	Prec@1 96.875 (96.875)	Prec@5 100.000 (100.000)
Epoch: [10][10/316]	 Time 0.034 (0.053)	Loss 0.1965 (0.1362)	Prec@1 90.625 (94.886)	Prec@5 100.000 (100.000)
Epoch: [10][20/316]	 Time 0.031 (0.043)	Loss 0.1077 (0.1502)	Prec@1 96.875 (94.345)	Prec@5 100.000 (100.000)
Epoch: [10][30/316]	 Time 0.037 (0.040)	Loss 0.0929 (0.1428)	Prec@1 96.875 (94.657)	Prec@5 100.000 (100.000)
Epoch: [10][40/316]	 Time 0.031 (0.039)	Loss 0.2496 (0.1387)	Prec@1 90.625 (94.741)	Prec@5 100.000 (100.000)
Epoch: [10][50/316]	 Time 0.032 (0.038)	Loss 0.2147 (0.1280)	Prec@1 93.750 (95.404)	Prec@5 100.000 (100.000)
Epoch: [10][60/316]	 Time 0.044 (0.037)	Loss 0.1101 (0.1350)	Prec@1 93.750 (95.082)	Prec@5 100.000 (100.000)
Epoch: [10][70/316]	 Time 0.040 (0.038)	Loss 0.0857 (0.1347)	Prec@1 96.875 (95.026)	Prec@5 100.000 (100.000)
Epoch: [10][80/316]	 Time 0.035 (0.038)	Loss 0.2644 (0.1309)	Prec@1 90.625 (95.216)	Prec@5 100.000 (100.000)
Epoch: [10][90/316]	 Time 0.032 (0.038)	Loss 0.0758 (0.1286)	Prec@1 96.875 (95.261)	Prec@5 100.000 (100.000)
Epoch: [10][100/316]	 Time 0.031 (0.038)	Loss 0.0470 (0.1240)	Prec@1 96.875 (95.421)	Prec@5 100.000 (100.000)
Epoch: [10][110/316]	 Time 0.031 (0.038)	Loss 0.1230 (0.1224)	Prec@1 96.875 (95.467)	Prec@5 100.000 (100.000)
Epoch: [10][120/316]	 Time 0.030 (0.037)	Loss 0.1910 (0.1198)	Prec@1 90.625 (95.480)	Prec@5 100.000 (100.000)
Epoch: [10][130/316]	 Time 0.030 (0.037)	Loss 0.1044 (0.1298)	Prec@1 93.750 (95.396)	Prec@5 100.000 (100.000)
Epoch: [10][140/316]	 Time 0.033 (0.037)	Loss 0.0515 (0.1328)	Prec@1 100.000 (95.257)	Prec@5 100.000 (100.000)
Epoch: [10][150/316]	 Time 0.030 (0.037)	Loss 0.1655 (0.1367)	Prec@1 93.750 (95.178)	Prec@5 100.000 (100.000)
Epoch: [10][160/316]	 Time 0.030 (0.037)	Loss 0.1382 (0.1397)	Prec@1 93.750 (95.109)	Prec@5 100.000 (100.000)
Epoch: [10][170/316]	 Time 0.030 (0.037)	Loss 0.1378 (0.1404)	Prec@1 93.750 (95.011)	Prec@5 100.000 (100.000)
Epoch: [10][180/316]	 Time 0.032 (0.037)	Loss 0.1387 (0.1377)	Prec@1 93.750 (95.131)	Prec@5 100.000 (100.000)
Epoch: [10][190/316]	 Time 0.031 (0.036)	Loss 0.0489 (0.1376)	Prec@1 100.000 (95.173)	Prec@5 100.000 (100.000)
Epoch: [10][200/316]	 Time 0.036 (0.036)	Loss 0.1164 (0.1374)	Prec@1 93.750 (95.165)	Prec@5 100.000 (100.000)
Epoch: [10][210/316]	 Time 0.034 (0.036)	Loss 0.0833 (0.1354)	Prec@1 96.875 (95.216)	Prec@5 100.000 (100.000)
Epoch: [10][220/316]	 Time 0.038 (0.036)	Loss 0.3068 (0.1375)	Prec@1 90.625 (95.206)	Prec@5 100.000 (100.000)
Epoch: [10][230/316]	 Time 0.036 (0.036)	Loss 0.2271 (0.1372)	Prec@1 90.625 (95.211)	Prec@5 100.000 (100.000)
Epoch: [10][240/316]	 Time 0.031 (0.036)	Loss 0.1309 (0.1364)	Prec@1 93.750 (95.241)	Prec@5 100.000 (100.000)
Epoch: [10][250/316]	 Time 0.036 (0.036)	Loss 0.1031 (0.1375)	Prec@1 96.875 (95.232)	Prec@5 100.000 (100.000)
Epoch: [10][260/316]	 Time 0.032 (0.036)	Loss 0.2030 (0.1380)	Prec@1 93.750 (95.199)	Prec@5 100.000 (100.000)
Epoch: [10][270/316]	 Time 0.031 (0.036)	Loss 0.1047 (0.1393)	Prec@1 96.875 (95.134)	Prec@5 100.000 (100.000)
Epoch: [10][280/316]	 Time 0.031 (0.036)	Loss 0.1094 (0.1388)	Prec@1 93.750 (95.140)	Prec@5 100.000 (100.000)
Epoch: [10][290/316]	 Time 0.032 (0.036)	Loss 0.1884 (0.1382)	Prec@1 93.750 (95.157)	Prec@5 100.000 (100.000)
Epoch: [10][300/316]	 Time 0.036 (0.036)	Loss 0.0719 (0.1367)	Prec@1 96.875 (95.224)	Prec@5 100.000 (100.000)
Epoch: [10][310/316]	 Time 0.040 (0.036)	Loss 0.0343 (0.1360)	Prec@1 100.000 (95.227)	Prec@5 100.000 (100.000)
Test: [0/40]	Time 0.219 (0.219)	Loss 0.0008 (0.0008)	Prec@1 100.000 (100.000)	Prec@5 100.000 (100.000)
Test: [10/40]	Time 0.048 (0.061)	Loss 0.0140 (0.0606)	Prec@1 100.000 (97.727)	Prec@5 100.000 (100.000)
Test: [20/40]	Time 0.060 (0.055)	Loss 0.0004 (0.0622)	Prec@1 100.000 (97.470)	Prec@5 100.000 (100.000)
Test: [30/40]	Time 0.051 (0.053)	Loss 0.2886 (0.2276)	Prec@1 90.625 (94.254)	Prec@5 100.000 (100.000)
Epoch: [11][0/316]	 Time 0.256 (0.256)	Loss 0.0466 (0.0466)	Prec@1 100.000 (100.000)	Prec@5 100.000 (100.000)
Epoch: [11][10/316]	 Time 0.033 (0.054)	Loss 0.0258 (0.0765)	Prec@1 100.000 (98.011)	Prec@5 100.000 (100.000)
Epoch: [11][20/316]	 Time 0.028 (0.045)	Loss 0.0510 (0.0726)	Prec@1 96.875 (97.768)	Prec@5 100.000 (100.000)
Epoch: [11][30/316]	 Time 0.031 (0.042)	Loss 0.1083 (0.0908)	Prec@1 96.875 (97.177)	Prec@5 100.000 (100.000)
Epoch: [11][40/316]	 Time 0.034 (0.040)	Loss 0.0886 (0.0887)	Prec@1 96.875 (97.256)	Prec@5 100.000 (100.000)
Epoch: [11][50/316]	 Time 0.035 (0.039)	Loss 0.1602 (0.0932)	Prec@1 90.625 (96.814)	Prec@5 100.000 (100.000)
Epoch: [11][60/316]	 Time 0.030 (0.039)	Loss 0.1449 (0.0913)	Prec@1 90.625 (96.721)	Prec@5 100.000 (100.000)
Epoch: [11][70/316]	 Time 0.027 (0.038)	Loss 0.0110 (0.0952)	Prec@1 100.000 (96.479)	Prec@5 100.000 (100.000)
Epoch: [11][80/316]	 Time 0.032 (0.038)	Loss 0.1994 (0.0967)	Prec@1 93.750 (96.451)	Prec@5 100.000 (100.000)
Epoch: [11][90/316]	 Time 0.041 (0.038)	Loss 0.0855 (0.0962)	Prec@1 100.000 (96.532)	Prec@5 100.000 (100.000)
Epoch: [11][100/316]	 Time 0.030 (0.038)	Loss 0.0708 (0.0963)	Prec@1 96.875 (96.504)	Prec@5 100.000 (100.000)
Epoch: [11][110/316]	 Time 0.031 (0.038)	Loss 0.0617 (0.1017)	Prec@1 100.000 (96.199)	Prec@5 100.000 (100.000)
Epoch: [11][120/316]	 Time 0.031 (0.038)	Loss 0.1181 (0.1001)	Prec@1 93.750 (96.333)	Prec@5 100.000 (100.000)
Epoch: [11][130/316]	 Time 0.032 (0.037)	Loss 0.1080 (0.0983)	Prec@1 93.750 (96.350)	Prec@5 100.000 (100.000)
Epoch: [11][140/316]	 Time 0.049 (0.038)	Loss 0.0937 (0.0984)	Prec@1 93.750 (96.321)	Prec@5 100.000 (100.000)
Epoch: [11][150/316]	 Time 0.035 (0.038)	Loss 0.0501 (0.0998)	Prec@1 96.875 (96.254)	Prec@5 100.000 (100.000)
Epoch: [11][160/316]	 Time 0.038 (0.038)	Loss 0.0315 (0.1020)	Prec@1 100.000 (96.060)	Prec@5 100.000 (100.000)
Epoch: [11][170/316]	 Time 0.034 (0.038)	Loss 0.2493 (0.1030)	Prec@1 93.750 (96.071)	Prec@5 100.000 (100.000)
Epoch: [11][180/316]	 Time 0.037 (0.038)	Loss 0.0919 (0.1072)	Prec@1 96.875 (95.960)	Prec@5 100.000 (100.000)
Epoch: [11][190/316]	 Time 0.029 (0.038)	Loss 0.1708 (0.1058)	Prec@1 90.625 (96.024)	Prec@5 100.000 (100.000)
Epoch: [11][200/316]	 Time 0.037 (0.038)	Loss 0.0495 (0.1052)	Prec@1 96.875 (96.051)	Prec@5 100.000 (100.000)
Epoch: [11][210/316]	 Time 0.034 (0.038)	Loss 0.1049 (0.1051)	Prec@1 93.750 (96.046)	Prec@5 100.000 (100.000)
Epoch: [11][220/316]	 Time 0.029 (0.037)	Loss 0.1412 (0.1061)	Prec@1 93.750 (96.027)	Prec@5 100.000 (100.000)
Epoch: [11][230/316]	 Time 0.034 (0.038)	Loss 0.1499 (0.1079)	Prec@1 90.625 (95.915)	Prec@5 100.000 (100.000)
Epoch: [11][240/316]	 Time 0.036 (0.037)	Loss 0.1332 (0.1082)	Prec@1 93.750 (95.954)	Prec@5 100.000 (100.000)
Epoch: [11][250/316]	 Time 0.032 (0.037)	Loss 0.1159 (0.1097)	Prec@1 93.750 (95.879)	Prec@5 100.000 (100.000)
Epoch: [11][260/316]	 Time 0.035 (0.037)	Loss 0.1175 (0.1097)	Prec@1 96.875 (95.857)	Prec@5 100.000 (100.000)
Epoch: [11][270/316]	 Time 0.032 (0.037)	Loss 0.1804 (0.1097)	Prec@1 93.750 (95.860)	Prec@5 100.000 (100.000)
Epoch: [11][280/316]	 Time 0.040 (0.037)	Loss 0.0939 (0.1120)	Prec@1 96.875 (95.796)	Prec@5 100.000 (100.000)
Epoch: [11][290/316]	 Time 0.035 (0.037)	Loss 0.0887 (0.1116)	Prec@1 96.875 (95.812)	Prec@5 100.000 (100.000)
Epoch: [11][300/316]	 Time 0.042 (0.037)	Loss 0.0967 (0.1110)	Prec@1 96.875 (95.858)	Prec@5 100.000 (100.000)
Epoch: [11][310/316]	 Time 0.031 (0.037)	Loss 0.0190 (0.1103)	Prec@1 100.000 (95.870)	Prec@5 100.000 (100.000)
Test: [0/40]	Time 0.229 (0.229)	Loss 0.0024 (0.0024)	Prec@1 100.000 (100.000)	Prec@5 100.000 (100.000)
Test: [10/40]	Time 0.049 (0.062)	Loss 0.0478 (0.1091)	Prec@1 96.875 (95.170)	Prec@5 100.000 (100.000)
Test: [20/40]	Time 0.067 (0.055)	Loss 0.0162 (0.1597)	Prec@1 100.000 (93.006)	Prec@5 100.000 (100.000)
Test: [30/40]	Time 0.052 (0.053)	Loss 0.0567 (0.1658)	Prec@1 100.000 (93.649)	Prec@5 100.000 (100.000)
Epoch: [12][0/316]	 Time 0.254 (0.254)	Loss 0.0985 (0.0985)	Prec@1 93.750 (93.750)	Prec@5 100.000 (100.000)
Epoch: [12][10/316]	 Time 0.036 (0.055)	Loss 0.0276 (0.1015)	Prec@1 100.000 (97.159)	Prec@5 100.000 (100.000)
Epoch: [12][20/316]	 Time 0.031 (0.044)	Loss 0.0584 (0.0907)	Prec@1 96.875 (97.173)	Prec@5 100.000 (100.000)
Epoch: [12][30/316]	 Time 0.035 (0.041)	Loss 0.1100 (0.0927)	Prec@1 93.750 (96.875)	Prec@5 100.000 (100.000)
Epoch: [12][40/316]	 Time 0.030 (0.039)	Loss 0.0796 (0.0892)	Prec@1 93.750 (96.951)	Prec@5 100.000 (100.000)
Epoch: [12][50/316]	 Time 0.031 (0.039)	Loss 0.0262 (0.0821)	Prec@1 100.000 (97.181)	Prec@5 100.000 (100.000)
Epoch: [12][60/316]	 Time 0.030 (0.038)	Loss 0.0118 (0.0829)	Prec@1 100.000 (97.285)	Prec@5 100.000 (100.000)
Epoch: [12][70/316]	 Time 0.038 (0.038)	Loss 0.0510 (0.0846)	Prec@1 96.875 (97.139)	Prec@5 100.000 (100.000)
Epoch: [12][80/316]	 Time 0.033 (0.038)	Loss 0.2395 (0.0867)	Prec@1 93.750 (97.068)	Prec@5 100.000 (100.000)
Epoch: [12][90/316]	 Time 0.030 (0.037)	Loss 0.1415 (0.0881)	Prec@1 93.750 (97.012)	Prec@5 100.000 (100.000)
Epoch: [12][100/316]	 Time 0.034 (0.037)	Loss 0.1261 (0.0954)	Prec@1 93.750 (96.813)	Prec@5 100.000 (100.000)
Epoch: [12][110/316]	 Time 0.033 (0.036)	Loss 0.0839 (0.0993)	Prec@1 96.875 (96.678)	Prec@5 100.000 (100.000)
Epoch: [12][120/316]	 Time 0.031 (0.036)	Loss 0.0970 (0.1001)	Prec@1 93.750 (96.668)	Prec@5 100.000 (100.000)
Epoch: [12][130/316]	 Time 0.030 (0.036)	Loss 0.0906 (0.0978)	Prec@1 93.750 (96.708)	Prec@5 100.000 (100.000)
Epoch: [12][140/316]	 Time 0.039 (0.036)	Loss 0.0295 (0.1010)	Prec@1 100.000 (96.609)	Prec@5 100.000 (100.000)
Epoch: [12][150/316]	 Time 0.033 (0.037)	Loss 0.0662 (0.0996)	Prec@1 96.875 (96.627)	Prec@5 100.000 (100.000)
Epoch: [12][160/316]	 Time 0.029 (0.037)	Loss 0.0782 (0.0992)	Prec@1 96.875 (96.661)	Prec@5 100.000 (100.000)
Epoch: [12][170/316]	 Time 0.042 (0.037)	Loss 0.0761 (0.1003)	Prec@1 96.875 (96.637)	Prec@5 100.000 (100.000)
Epoch: [12][180/316]	 Time 0.040 (0.037)	Loss 0.0876 (0.1000)	Prec@1 93.750 (96.633)	Prec@5 100.000 (100.000)
Epoch: [12][190/316]	 Time 0.032 (0.037)	Loss 0.0190 (0.0999)	Prec@1 100.000 (96.564)	Prec@5 100.000 (100.000)
Epoch: [12][200/316]	 Time 0.043 (0.037)	Loss 0.3392 (0.1011)	Prec@1 93.750 (96.549)	Prec@5 100.000 (100.000)
Epoch: [12][210/316]	 Time 0.038 (0.037)	Loss 0.0857 (0.1003)	Prec@1 96.875 (96.594)	Prec@5 100.000 (100.000)
Epoch: [12][220/316]	 Time 0.035 (0.037)	Loss 0.0215 (0.0998)	Prec@1 100.000 (96.620)	Prec@5 100.000 (100.000)
Epoch: [12][230/316]	 Time 0.037 (0.037)	Loss 0.0346 (0.0986)	Prec@1 100.000 (96.631)	Prec@5 100.000 (100.000)
Epoch: [12][240/316]	 Time 0.034 (0.036)	Loss 0.0130 (0.1009)	Prec@1 100.000 (96.538)	Prec@5 100.000 (100.000)
Epoch: [12][250/316]	 Time 0.031 (0.036)	Loss 0.3715 (0.1018)	Prec@1 84.375 (96.501)	Prec@5 100.000 (100.000)
Epoch: [12][260/316]	 Time 0.030 (0.036)	Loss 0.0769 (0.1003)	Prec@1 96.875 (96.576)	Prec@5 100.000 (100.000)
Epoch: [12][270/316]	 Time 0.031 (0.036)	Loss 0.1884 (0.1005)	Prec@1 90.625 (96.564)	Prec@5 100.000 (100.000)
Epoch: [12][280/316]	 Time 0.036 (0.036)	Loss 0.0423 (0.0989)	Prec@1 100.000 (96.641)	Prec@5 100.000 (100.000)
Epoch: [12][290/316]	 Time 0.033 (0.036)	Loss 0.0210 (0.0987)	Prec@1 100.000 (96.639)	Prec@5 100.000 (100.000)
Epoch: [12][300/316]	 Time 0.036 (0.036)	Loss 0.0819 (0.0986)	Prec@1 93.750 (96.615)	Prec@5 100.000 (100.000)
Epoch: [12][310/316]	 Time 0.059 (0.036)	Loss 0.0392 (0.0980)	Prec@1 100.000 (96.614)	Prec@5 100.000 (100.000)
Test: [0/40]	Time 0.227 (0.227)	Loss 0.0091 (0.0091)	Prec@1 100.000 (100.000)	Prec@5 100.000 (100.000)
Test: [10/40]	Time 0.048 (0.062)	Loss 0.0131 (0.0605)	Prec@1 100.000 (98.295)	Prec@5 100.000 (100.000)
Test: [20/40]	Time 0.038 (0.055)	Loss 0.0489 (0.1059)	Prec@1 96.875 (95.982)	Prec@5 100.000 (100.000)
Test: [30/40]	Time 0.037 (0.054)	Loss 0.0958 (0.1729)	Prec@1 100.000 (93.649)	Prec@5 100.000 (100.000)
Epoch: [13][0/316]	 Time 0.239 (0.239)	Loss 0.0736 (0.0736)	Prec@1 100.000 (100.000)	Prec@5 100.000 (100.000)
Epoch: [13][10/316]	 Time 0.039 (0.054)	Loss 0.0434 (0.0815)	Prec@1 96.875 (98.011)	Prec@5 100.000 (100.000)
Epoch: [13][20/316]	 Time 0.032 (0.044)	Loss 0.0325 (0.0999)	Prec@1 100.000 (96.875)	Prec@5 100.000 (100.000)
Epoch: [13][30/316]	 Time 0.031 (0.041)	Loss 0.0877 (0.1056)	Prec@1 96.875 (96.573)	Prec@5 100.000 (100.000)
Epoch: [13][40/316]	 Time 0.032 (0.040)	Loss 0.0555 (0.1090)	Prec@1 96.875 (96.189)	Prec@5 100.000 (100.000)
Epoch: [13][50/316]	 Time 0.030 (0.039)	Loss 0.0397 (0.1042)	Prec@1 100.000 (96.446)	Prec@5 100.000 (100.000)
Epoch: [13][60/316]	 Time 0.032 (0.039)	Loss 0.0600 (0.1002)	Prec@1 93.750 (96.516)	Prec@5 100.000 (100.000)
Epoch: [13][70/316]	 Time 0.032 (0.038)	Loss 0.2247 (0.0967)	Prec@1 93.750 (96.699)	Prec@5 100.000 (100.000)
Epoch: [13][80/316]	 Time 0.036 (0.038)	Loss 0.1365 (0.0956)	Prec@1 90.625 (96.644)	Prec@5 100.000 (100.000)
Epoch: [13][90/316]	 Time 0.041 (0.038)	Loss 0.0187 (0.0997)	Prec@1 100.000 (96.497)	Prec@5 100.000 (100.000)
Epoch: [13][100/316]	 Time 0.037 (0.038)	Loss 0.0427 (0.0988)	Prec@1 96.875 (96.566)	Prec@5 100.000 (100.000)
Epoch: [13][110/316]	 Time 0.032 (0.038)	Loss 0.0933 (0.0956)	Prec@1 96.875 (96.650)	Prec@5 100.000 (100.000)
Epoch: [13][120/316]	 Time 0.039 (0.038)	Loss 0.0348 (0.0915)	Prec@1 100.000 (96.823)	Prec@5 100.000 (100.000)
Epoch: [13][130/316]	 Time 0.028 (0.038)	Loss 0.0115 (0.0874)	Prec@1 100.000 (96.947)	Prec@5 100.000 (100.000)
Epoch: [13][140/316]	 Time 0.030 (0.038)	Loss 0.0458 (0.0864)	Prec@1 96.875 (96.964)	Prec@5 100.000 (100.000)
Epoch: [13][150/316]	 Time 0.043 (0.038)	Loss 0.0510 (0.0859)	Prec@1 96.875 (96.978)	Prec@5 100.000 (100.000)
Epoch: [13][160/316]	 Time 0.029 (0.038)	Loss 0.0819 (0.0837)	Prec@1 93.750 (97.030)	Prec@5 100.000 (100.000)
Epoch: [13][170/316]	 Time 0.041 (0.038)	Loss 0.0080 (0.0824)	Prec@1 100.000 (97.039)	Prec@5 100.000 (100.000)
Epoch: [13][180/316]	 Time 0.042 (0.038)	Loss 0.0414 (0.0839)	Prec@1 100.000 (96.961)	Prec@5 100.000 (100.000)
Epoch: [13][190/316]	 Time 0.038 (0.038)	Loss 0.1606 (0.0834)	Prec@1 93.750 (96.973)	Prec@5 100.000 (100.000)
Epoch: [13][200/316]	 Time 0.031 (0.038)	Loss 0.0575 (0.0843)	Prec@1 96.875 (96.937)	Prec@5 100.000 (100.000)
Epoch: [13][210/316]	 Time 0.033 (0.038)	Loss 0.0291 (0.0849)	Prec@1 100.000 (96.905)	Prec@5 100.000 (100.000)
Epoch: [13][220/316]	 Time 0.035 (0.038)	Loss 0.0973 (0.0857)	Prec@1 96.875 (96.861)	Prec@5 100.000 (100.000)
Epoch: [13][230/316]	 Time 0.044 (0.038)	Loss 0.0573 (0.0855)	Prec@1 96.875 (96.875)	Prec@5 100.000 (100.000)
Epoch: [13][240/316]	 Time 0.032 (0.038)	Loss 0.0762 (0.0849)	Prec@1 93.750 (96.849)	Prec@5 100.000 (100.000)
Epoch: [13][250/316]	 Time 0.034 (0.037)	Loss 0.0257 (0.0860)	Prec@1 100.000 (96.813)	Prec@5 100.000 (100.000)
Epoch: [13][260/316]	 Time 0.030 (0.037)	Loss 0.0348 (0.0864)	Prec@1 100.000 (96.827)	Prec@5 100.000 (100.000)
Epoch: [13][270/316]	 Time 0.030 (0.037)	Loss 0.0928 (0.0874)	Prec@1 96.875 (96.829)	Prec@5 100.000 (100.000)
Epoch: [13][280/316]	 Time 0.036 (0.037)	Loss 0.0455 (0.0856)	Prec@1 96.875 (96.908)	Prec@5 100.000 (100.000)
Epoch: [13][290/316]	 Time 0.036 (0.037)	Loss 0.0186 (0.0854)	Prec@1 100.000 (96.939)	Prec@5 100.000 (100.000)
Epoch: [13][300/316]	 Time 0.039 (0.037)	Loss 0.0172 (0.0859)	Prec@1 100.000 (96.948)	Prec@5 100.000 (100.000)
Epoch: [13][310/316]	 Time 0.031 (0.037)	Loss 0.2797 (0.0877)	Prec@1 90.625 (96.935)	Prec@5 100.000 (100.000)
Test: [0/40]	Time 0.227 (0.227)	Loss 0.0605 (0.0605)	Prec@1 96.875 (96.875)	Prec@5 100.000 (100.000)
Test: [10/40]	Time 0.044 (0.060)	Loss 0.6158 (0.6519)	Prec@1 78.125 (73.580)	Prec@5 100.000 (100.000)
Test: [20/40]	Time 0.059 (0.055)	Loss 1.3098 (0.7869)	Prec@1 53.125 (68.006)	Prec@5 100.000 (100.000)
Test: [30/40]	Time 0.051 (0.053)	Loss 0.0159 (0.6879)	Prec@1 100.000 (73.589)	Prec@5 100.000 (100.000)
Epoch: [14][0/316]	 Time 0.220 (0.220)	Loss 0.0814 (0.0814)	Prec@1 96.875 (96.875)	Prec@5 100.000 (100.000)
Epoch: [14][10/316]	 Time 0.031 (0.050)	Loss 0.1510 (0.0903)	Prec@1 96.875 (96.875)	Prec@5 100.000 (100.000)
Epoch: [14][20/316]	 Time 0.034 (0.042)	Loss 0.0166 (0.0963)	Prec@1 100.000 (96.875)	Prec@5 100.000 (100.000)
Epoch: [14][30/316]	 Time 0.031 (0.039)	Loss 0.1546 (0.1289)	Prec@1 90.625 (95.363)	Prec@5 100.000 (100.000)
Epoch: [14][40/316]	 Time 0.058 (0.039)	Loss 0.0463 (0.1297)	Prec@1 100.000 (95.503)	Prec@5 100.000 (100.000)
Epoch: [14][50/316]	 Time 0.034 (0.039)	Loss 0.0287 (0.1222)	Prec@1 100.000 (95.833)	Prec@5 100.000 (100.000)
Epoch: [14][60/316]	 Time 0.030 (0.038)	Loss 0.0293 (0.1179)	Prec@1 100.000 (95.953)	Prec@5 100.000 (100.000)
Epoch: [14][70/316]	 Time 0.033 (0.038)	Loss 0.0243 (0.1113)	Prec@1 100.000 (96.127)	Prec@5 100.000 (100.000)
Epoch: [14][80/316]	 Time 0.031 (0.038)	Loss 0.1281 (0.1143)	Prec@1 93.750 (96.026)	Prec@5 100.000 (100.000)
Epoch: [14][90/316]	 Time 0.053 (0.037)	Loss 0.1124 (0.1134)	Prec@1 93.750 (96.016)	Prec@5 100.000 (100.000)
Epoch: [14][100/316]	 Time 0.032 (0.037)	Loss 0.1153 (0.1112)	Prec@1 93.750 (95.978)	Prec@5 100.000 (100.000)
Epoch: [14][110/316]	 Time 0.039 (0.037)	Loss 0.0616 (0.1095)	Prec@1 96.875 (95.974)	Prec@5 100.000 (100.000)
Epoch: [14][120/316]	 Time 0.031 (0.037)	Loss 0.0400 (0.1059)	Prec@1 100.000 (96.074)	Prec@5 100.000 (100.000)
Epoch: [14][130/316]	 Time 0.030 (0.037)	Loss 0.0518 (0.1092)	Prec@1 96.875 (95.897)	Prec@5 100.000 (100.000)
Epoch: [14][140/316]	 Time 0.028 (0.037)	Loss 0.3344 (0.1106)	Prec@1 87.500 (95.811)	Prec@5 100.000 (100.000)
Epoch: [14][150/316]	 Time 0.033 (0.037)	Loss 0.2976 (0.1121)	Prec@1 90.625 (95.778)	Prec@5 100.000 (100.000)
Epoch: [14][160/316]	 Time 0.037 (0.037)	Loss 0.1516 (0.1114)	Prec@1 96.875 (95.769)	Prec@5 100.000 (100.000)
Epoch: [14][170/316]	 Time 0.041 (0.037)	Loss 0.0344 (0.1107)	Prec@1 100.000 (95.815)	Prec@5 100.000 (100.000)
Epoch: [14][180/316]	 Time 0.045 (0.037)	Loss 0.0062 (0.1093)	Prec@1 100.000 (95.839)	Prec@5 100.000 (100.000)
Epoch: [14][190/316]	 Time 0.032 (0.037)	Loss 0.3774 (0.1093)	Prec@1 90.625 (95.812)	Prec@5 100.000 (100.000)
Epoch: [14][200/316]	 Time 0.041 (0.036)	Loss 0.0458 (0.1082)	Prec@1 100.000 (95.833)	Prec@5 100.000 (100.000)
Epoch: [14][210/316]	 Time 0.031 (0.036)	Loss 0.1520 (0.1075)	Prec@1 93.750 (95.838)	Prec@5 100.000 (100.000)
Epoch: [14][220/316]	 Time 0.043 (0.037)	Loss 0.1013 (0.1059)	Prec@1 96.875 (95.899)	Prec@5 100.000 (100.000)
Epoch: [14][230/316]	 Time 0.054 (0.037)	Loss 0.0908 (0.1045)	Prec@1 96.875 (95.942)	Prec@5 100.000 (100.000)
Epoch: [14][240/316]	 Time 0.029 (0.037)	Loss 0.0657 (0.1024)	Prec@1 96.875 (96.019)	Prec@5 100.000 (100.000)
Epoch: [14][250/316]	 Time 0.031 (0.037)	Loss 0.1347 (0.1019)	Prec@1 96.875 (96.028)	Prec@5 100.000 (100.000)
Epoch: [14][260/316]	 Time 0.032 (0.036)	Loss 0.0799 (0.1003)	Prec@1 96.875 (96.109)	Prec@5 100.000 (100.000)
Epoch: [14][270/316]	 Time 0.041 (0.036)	Loss 0.0524 (0.0999)	Prec@1 96.875 (96.091)	Prec@5 100.000 (100.000)
Epoch: [14][280/316]	 Time 0.031 (0.036)	Loss 0.0491 (0.0996)	Prec@1 96.875 (96.108)	Prec@5 100.000 (100.000)
Epoch: [14][290/316]	 Time 0.041 (0.036)	Loss 0.0322 (0.1040)	Prec@1 96.875 (96.156)	Prec@5 100.000 (100.000)
Epoch: [14][300/316]	 Time 0.041 (0.036)	Loss 0.0356 (0.1046)	Prec@1 100.000 (96.179)	Prec@5 100.000 (100.000)
Epoch: [14][310/316]	 Time 0.036 (0.037)	Loss 0.1031 (0.1043)	Prec@1 96.875 (96.202)	Prec@5 100.000 (100.000)
Test: [0/40]	Time 0.242 (0.242)	Loss 0.0006 (0.0006)	Prec@1 100.000 (100.000)	Prec@5 100.000 (100.000)
Test: [10/40]	Time 0.055 (0.060)	Loss 0.0076 (0.0180)	Prec@1 100.000 (99.432)	Prec@5 100.000 (100.000)
Test: [20/40]	Time 0.048 (0.055)	Loss 0.0022 (0.0470)	Prec@1 100.000 (97.173)	Prec@5 100.000 (100.000)
Test: [30/40]	Time 0.059 (0.053)	Loss 0.2958 (0.1338)	Prec@1 87.500 (93.649)	Prec@5 100.000 (100.000)
Epoch: [15][0/316]	 Time 0.235 (0.235)	Loss 0.0968 (0.0968)	Prec@1 96.875 (96.875)	Prec@5 100.000 (100.000)
Epoch: [15][10/316]	 Time 0.030 (0.053)	Loss 0.1298 (0.0779)	Prec@1 93.750 (97.443)	Prec@5 100.000 (100.000)
Epoch: [15][20/316]	 Time 0.031 (0.043)	Loss 0.0216 (0.0835)	Prec@1 100.000 (96.875)	Prec@5 100.000 (100.000)
Epoch: [15][30/316]	 Time 0.032 (0.041)	Loss 0.1316 (0.0882)	Prec@1 93.750 (96.573)	Prec@5 100.000 (100.000)
Epoch: [15][40/316]	 Time 0.034 (0.041)	Loss 0.0097 (0.0842)	Prec@1 100.000 (96.723)	Prec@5 100.000 (100.000)
Epoch: [15][50/316]	 Time 0.031 (0.040)	Loss 0.0275 (0.0891)	Prec@1 100.000 (96.630)	Prec@5 100.000 (100.000)
Epoch: [15][60/316]	 Time 0.031 (0.039)	Loss 0.1397 (0.0957)	Prec@1 93.750 (96.158)	Prec@5 100.000 (100.000)
Epoch: [15][70/316]	 Time 0.039 (0.038)	Loss 0.0618 (0.0958)	Prec@1 100.000 (96.039)	Prec@5 100.000 (100.000)
Epoch: [15][80/316]	 Time 0.032 (0.039)	Loss 0.0713 (0.0932)	Prec@1 96.875 (96.219)	Prec@5 100.000 (100.000)
Epoch: [15][90/316]	 Time 0.032 (0.039)	Loss 0.1036 (0.0936)	Prec@1 96.875 (96.188)	Prec@5 100.000 (100.000)
Epoch: [15][100/316]	 Time 0.038 (0.038)	Loss 0.0825 (0.0933)	Prec@1 96.875 (96.194)	Prec@5 100.000 (100.000)
Epoch: [15][110/316]	 Time 0.032 (0.038)	Loss 0.1089 (0.0932)	Prec@1 96.875 (96.284)	Prec@5 100.000 (100.000)
Epoch: [15][120/316]	 Time 0.051 (0.038)	Loss 0.0399 (0.0911)	Prec@1 96.875 (96.384)	Prec@5 100.000 (100.000)
Epoch: [15][130/316]	 Time 0.034 (0.038)	Loss 0.0534 (0.0889)	Prec@1 96.875 (96.446)	Prec@5 100.000 (100.000)
Epoch: [15][140/316]	 Time 0.029 (0.038)	Loss 0.0596 (0.0935)	Prec@1 96.875 (96.210)	Prec@5 100.000 (100.000)
Epoch: [15][150/316]	 Time 0.049 (0.038)	Loss 0.0162 (0.0902)	Prec@1 100.000 (96.378)	Prec@5 100.000 (100.000)
Epoch: [15][160/316]	 Time 0.033 (0.038)	Loss 0.0871 (0.0877)	Prec@1 96.875 (96.487)	Prec@5 100.000 (100.000)
Epoch: [15][170/316]	 Time 0.039 (0.038)	Loss 0.0210 (0.0876)	Prec@1 100.000 (96.491)	Prec@5 100.000 (100.000)
Epoch: [15][180/316]	 Time 0.030 (0.038)	Loss 0.1560 (0.1030)	Prec@1 96.875 (96.512)	Prec@5 100.000 (100.000)
Epoch: [15][190/316]	 Time 0.030 (0.037)	Loss 0.0705 (0.1026)	Prec@1 100.000 (96.515)	Prec@5 100.000 (100.000)
Epoch: [15][200/316]	 Time 0.031 (0.037)	Loss 0.1932 (0.1030)	Prec@1 87.500 (96.471)	Prec@5 100.000 (100.000)
Epoch: [15][210/316]	 Time 0.037 (0.037)	Loss 0.1817 (0.1031)	Prec@1 93.750 (96.460)	Prec@5 100.000 (100.000)
Epoch: [15][220/316]	 Time 0.047 (0.038)	Loss 0.0917 (0.1026)	Prec@1 96.875 (96.451)	Prec@5 100.000 (100.000)
Epoch: [15][230/316]	 Time 0.040 (0.038)	Loss 0.0463 (0.0996)	Prec@1 96.875 (96.564)	Prec@5 100.000 (100.000)
Epoch: [15][240/316]	 Time 0.040 (0.038)	Loss 0.0398 (0.0991)	Prec@1 100.000 (96.590)	Prec@5 100.000 (100.000)
Epoch: [15][250/316]	 Time 0.032 (0.037)	Loss 0.0241 (0.0970)	Prec@1 100.000 (96.651)	Prec@5 100.000 (100.000)
Epoch: [15][260/316]	 Time 0.031 (0.037)	Loss 0.0656 (0.0950)	Prec@1 96.875 (96.707)	Prec@5 100.000 (100.000)
Epoch: [15][270/316]	 Time 0.031 (0.037)	Loss 0.0085 (0.0963)	Prec@1 100.000 (96.702)	Prec@5 100.000 (100.000)
Epoch: [15][280/316]	 Time 0.033 (0.037)	Loss 0.0222 (0.0957)	Prec@1 100.000 (96.742)	Prec@5 100.000 (100.000)
Epoch: [15][290/316]	 Time 0.042 (0.037)	Loss 0.0602 (0.0945)	Prec@1 93.750 (96.757)	Prec@5 100.000 (100.000)
Epoch: [15][300/316]	 Time 0.047 (0.037)	Loss 0.0331 (0.0967)	Prec@1 100.000 (96.678)	Prec@5 100.000 (100.000)
Epoch: [15][310/316]	 Time 0.032 (0.037)	Loss 0.2039 (0.0976)	Prec@1 96.875 (96.644)	Prec@5 100.000 (100.000)
Test: [0/40]	Time 0.218 (0.218)	Loss 0.0157 (0.0157)	Prec@1 100.000 (100.000)	Prec@5 100.000 (100.000)
Test: [10/40]	Time 0.048 (0.062)	Loss 0.0461 (0.0949)	Prec@1 100.000 (97.443)	Prec@5 100.000 (100.000)
Test: [20/40]	Time 0.052 (0.055)	Loss 0.0507 (0.1370)	Prec@1 100.000 (94.345)	Prec@5 100.000 (100.000)
Test: [30/40]	Time 0.060 (0.053)	Loss 0.0952 (0.1549)	Prec@1 96.875 (94.052)	Prec@5 100.000 (100.000)
Epoch: [16][0/316]	 Time 0.258 (0.258)	Loss 0.0409 (0.0409)	Prec@1 100.000 (100.000)	Prec@5 100.000 (100.000)
Epoch: [16][10/316]	 Time 0.034 (0.054)	Loss 1.3474 (0.1937)	Prec@1 96.875 (97.443)	Prec@5 100.000 (100.000)
Epoch: [16][20/316]	 Time 0.031 (0.044)	Loss 0.0561 (0.1363)	Prec@1 96.875 (97.768)	Prec@5 100.000 (100.000)
Epoch: [16][30/316]	 Time 0.048 (0.041)	Loss 0.0116 (0.1168)	Prec@1 100.000 (97.681)	Prec@5 100.000 (100.000)
Epoch: [16][40/316]	 Time 0.048 (0.040)	Loss 0.0793 (0.1109)	Prec@1 96.875 (97.409)	Prec@5 100.000 (100.000)
Epoch: [16][50/316]	 Time 0.032 (0.039)	Loss 0.1041 (0.1094)	Prec@1 96.875 (97.426)	Prec@5 100.000 (100.000)
Epoch: [16][60/316]	 Time 0.033 (0.038)	Loss 0.0452 (0.1041)	Prec@1 100.000 (97.387)	Prec@5 100.000 (100.000)
Epoch: [16][70/316]	 Time 0.031 (0.038)	Loss 0.0122 (0.1034)	Prec@1 100.000 (97.139)	Prec@5 100.000 (100.000)
Epoch: [16][80/316]	 Time 0.032 (0.038)	Loss 0.0501 (0.1007)	Prec@1 96.875 (97.145)	Prec@5 100.000 (100.000)
Epoch: [16][90/316]	 Time 0.034 (0.038)	Loss 0.0775 (0.0974)	Prec@1 96.875 (97.150)	Prec@5 100.000 (100.000)
Epoch: [16][100/316]	 Time 0.035 (0.037)	Loss 0.0069 (0.0941)	Prec@1 100.000 (97.215)	Prec@5 100.000 (100.000)
Epoch: [16][110/316]	 Time 0.046 (0.037)	Loss 0.0804 (0.0941)	Prec@1 93.750 (97.185)	Prec@5 100.000 (100.000)
Epoch: [16][120/316]	 Time 0.035 (0.037)	Loss 0.0509 (0.0948)	Prec@1 96.875 (97.133)	Prec@5 100.000 (100.000)
Epoch: [16][130/316]	 Time 0.031 (0.037)	Loss 0.0247 (0.0917)	Prec@1 100.000 (97.233)	Prec@5 100.000 (100.000)
Epoch: [16][140/316]	 Time 0.034 (0.037)	Loss 0.1214 (0.0931)	Prec@1 96.875 (97.141)	Prec@5 100.000 (100.000)
Epoch: [16][150/316]	 Time 0.031 (0.037)	Loss 0.0148 (0.0894)	Prec@1 100.000 (97.268)	Prec@5 100.000 (100.000)
Epoch: [16][160/316]	 Time 0.031 (0.037)	Loss 0.0082 (0.0875)	Prec@1 100.000 (97.263)	Prec@5 100.000 (100.000)
Epoch: [16][170/316]	 Time 0.032 (0.037)	Loss 0.0170 (0.0849)	Prec@1 100.000 (97.332)	Prec@5 100.000 (100.000)
Epoch: [16][180/316]	 Time 0.031 (0.036)	Loss 0.0366 (0.0851)	Prec@1 96.875 (97.324)	Prec@5 100.000 (100.000)
Epoch: [16][190/316]	 Time 0.038 (0.036)	Loss 0.2813 (0.0880)	Prec@1 96.875 (97.251)	Prec@5 100.000 (100.000)
Epoch: [16][200/316]	 Time 0.036 (0.037)	Loss 0.0608 (0.0878)	Prec@1 96.875 (97.233)	Prec@5 100.000 (100.000)
Epoch: [16][210/316]	 Time 0.032 (0.036)	Loss 0.0340 (0.0866)	Prec@1 100.000 (97.260)	Prec@5 100.000 (100.000)
Epoch: [16][220/316]	 Time 0.038 (0.036)	Loss 0.1705 (0.0884)	Prec@1 93.750 (97.172)	Prec@5 100.000 (100.000)
Epoch: [16][230/316]	 Time 0.032 (0.036)	Loss 0.0583 (0.0880)	Prec@1 93.750 (97.173)	Prec@5 100.000 (100.000)
Epoch: [16][240/316]	 Time 0.033 (0.037)	Loss 0.0572 (0.0864)	Prec@1 96.875 (97.238)	Prec@5 100.000 (100.000)
Epoch: [16][250/316]	 Time 0.032 (0.036)	Loss 0.0725 (0.0867)	Prec@1 96.875 (97.224)	Prec@5 100.000 (100.000)
Epoch: [16][260/316]	 Time 0.030 (0.037)	Loss 0.0478 (0.0879)	Prec@1 96.875 (97.162)	Prec@5 100.000 (100.000)
Epoch: [16][270/316]	 Time 0.037 (0.037)	Loss 0.1104 (0.0876)	Prec@1 96.875 (97.163)	Prec@5 100.000 (100.000)
Epoch: [16][280/316]	 Time 0.043 (0.037)	Loss 0.0475 (0.0870)	Prec@1 96.875 (97.186)	Prec@5 100.000 (100.000)
Epoch: [16][290/316]	 Time 0.031 (0.037)	Loss 0.0523 (0.0859)	Prec@1 96.875 (97.197)	Prec@5 100.000 (100.000)
Epoch: [16][300/316]	 Time 0.033 (0.037)	Loss 0.0515 (0.0852)	Prec@1 100.000 (97.228)	Prec@5 100.000 (100.000)
Epoch: [16][310/316]	 Time 0.031 (0.037)	Loss 0.0071 (0.0840)	Prec@1 100.000 (97.267)	Prec@5 100.000 (100.000)
Test: [0/40]	Time 0.230 (0.230)	Loss 0.0016 (0.0016)	Prec@1 100.000 (100.000)	Prec@5 100.000 (100.000)
Test: [10/40]	Time 0.048 (0.062)	Loss 0.0070 (0.0333)	Prec@1 100.000 (98.864)	Prec@5 100.000 (100.000)
Test: [20/40]	Time 0.052 (0.056)	Loss 0.0051 (0.0588)	Prec@1 100.000 (97.173)	Prec@5 100.000 (100.000)
Test: [30/40]	Time 0.037 (0.053)	Loss 0.4311 (0.1659)	Prec@1 75.000 (92.540)	Prec@5 100.000 (100.000)
Epoch: [17][0/316]	 Time 0.233 (0.233)	Loss 0.0729 (0.0729)	Prec@1 96.875 (96.875)	Prec@5 100.000 (100.000)
Epoch: [17][10/316]	 Time 0.032 (0.055)	Loss 0.2727 (0.0549)	Prec@1 93.750 (98.580)	Prec@5 100.000 (100.000)
Epoch: [17][20/316]	 Time 0.034 (0.046)	Loss 0.0875 (0.0541)	Prec@1 96.875 (98.661)	Prec@5 100.000 (100.000)
Epoch: [17][30/316]	 Time 0.036 (0.043)	Loss 0.0536 (0.0676)	Prec@1 96.875 (97.883)	Prec@5 100.000 (100.000)
Epoch: [17][40/316]	 Time 0.036 (0.042)	Loss 0.0135 (0.0672)	Prec@1 100.000 (97.790)	Prec@5 100.000 (100.000)
Epoch: [17][50/316]	 Time 0.033 (0.041)	Loss 0.1358 (0.0723)	Prec@1 96.875 (97.733)	Prec@5 100.000 (100.000)
Epoch: [17][60/316]	 Time 0.038 (0.040)	Loss 0.0283 (0.0826)	Prec@1 100.000 (97.336)	Prec@5 100.000 (100.000)
Epoch: [17][70/316]	 Time 0.030 (0.039)	Loss 0.1758 (0.0834)	Prec@1 93.750 (97.227)	Prec@5 100.000 (100.000)
Epoch: [17][80/316]	 Time 0.031 (0.038)	Loss 0.0937 (0.0815)	Prec@1 96.875 (97.222)	Prec@5 100.000 (100.000)
Epoch: [17][90/316]	 Time 0.039 (0.038)	Loss 0.0313 (0.0786)	Prec@1 100.000 (97.356)	Prec@5 100.000 (100.000)
Epoch: [17][100/316]	 Time 0.036 (0.039)	Loss 0.0261 (0.0778)	Prec@1 100.000 (97.339)	Prec@5 100.000 (100.000)
Epoch: [17][110/316]	 Time 0.039 (0.039)	Loss 0.0714 (0.0765)	Prec@1 100.000 (97.382)	Prec@5 100.000 (100.000)
Epoch: [17][120/316]	 Time 0.039 (0.038)	Loss 0.0188 (0.0789)	Prec@1 100.000 (97.288)	Prec@5 100.000 (100.000)
Epoch: [17][130/316]	 Time 0.038 (0.038)	Loss 0.0497 (0.0778)	Prec@1 96.875 (97.304)	Prec@5 100.000 (100.000)
Epoch: [17][140/316]	 Time 0.031 (0.038)	Loss 0.0239 (0.0759)	Prec@1 100.000 (97.363)	Prec@5 100.000 (100.000)
Epoch: [17][150/316]	 Time 0.046 (0.038)	Loss 0.0394 (0.0744)	Prec@1 96.875 (97.413)	Prec@5 100.000 (100.000)
Epoch: [17][160/316]	 Time 0.035 (0.038)	Loss 0.2370 (0.0745)	Prec@1 93.750 (97.418)	Prec@5 100.000 (100.000)
Epoch: [17][170/316]	 Time 0.033 (0.038)	Loss 0.0655 (0.0757)	Prec@1 96.875 (97.332)	Prec@5 100.000 (100.000)
Epoch: [17][180/316]	 Time 0.033 (0.038)	Loss 0.2580 (0.0764)	Prec@1 84.375 (97.238)	Prec@5 100.000 (100.000)
Epoch: [17][190/316]	 Time 0.029 (0.037)	Loss 0.0197 (0.0756)	Prec@1 100.000 (97.251)	Prec@5 100.000 (100.000)
Epoch: [17][200/316]	 Time 0.030 (0.037)	Loss 0.0511 (0.0756)	Prec@1 96.875 (97.248)	Prec@5 100.000 (100.000)
Epoch: [17][210/316]	 Time 0.049 (0.037)	Loss 0.0236 (0.0754)	Prec@1 100.000 (97.260)	Prec@5 100.000 (100.000)
Epoch: [17][220/316]	 Time 0.031 (0.037)	Loss 0.0865 (0.0770)	Prec@1 93.750 (97.200)	Prec@5 100.000 (100.000)
Epoch: [17][230/316]	 Time 0.039 (0.037)	Loss 0.1259 (0.0789)	Prec@1 93.750 (97.119)	Prec@5 100.000 (100.000)
Epoch: [17][240/316]	 Time 0.035 (0.037)	Loss 0.0943 (0.0782)	Prec@1 96.875 (97.147)	Prec@5 100.000 (100.000)
Epoch: [17][250/316]	 Time 0.032 (0.037)	Loss 0.0699 (0.0778)	Prec@1 96.875 (97.174)	Prec@5 100.000 (100.000)
Epoch: [17][260/316]	 Time 0.029 (0.037)	Loss 0.0866 (0.0777)	Prec@1 93.750 (97.174)	Prec@5 100.000 (100.000)
Epoch: [17][270/316]	 Time 0.037 (0.037)	Loss 0.0018 (0.0767)	Prec@1 100.000 (97.198)	Prec@5 100.000 (100.000)
Epoch: [17][280/316]	 Time 0.033 (0.037)	Loss 0.2190 (0.0776)	Prec@1 90.625 (97.175)	Prec@5 100.000 (100.000)
Epoch: [17][290/316]	 Time 0.031 (0.036)	Loss 0.0223 (0.0778)	Prec@1 100.000 (97.165)	Prec@5 100.000 (100.000)
Epoch: [17][300/316]	 Time 0.029 (0.036)	Loss 0.0251 (0.0774)	Prec@1 100.000 (97.155)	Prec@5 100.000 (100.000)
Epoch: [17][310/316]	 Time 0.031 (0.036)	Loss 0.0581 (0.0783)	Prec@1 96.875 (97.156)	Prec@5 100.000 (100.000)
Test: [0/40]	Time 0.229 (0.229)	Loss 0.0018 (0.0018)	Prec@1 100.000 (100.000)	Prec@5 100.000 (100.000)
Test: [10/40]	Time 0.062 (0.060)	Loss 0.0184 (0.0308)	Prec@1 100.000 (99.148)	Prec@5 100.000 (100.000)
Test: [20/40]	Time 0.047 (0.054)	Loss 0.0091 (0.0496)	Prec@1 100.000 (98.512)	Prec@5 100.000 (100.000)
Test: [30/40]	Time 0.038 (0.052)	Loss 0.3694 (0.1312)	Prec@1 90.625 (95.968)	Prec@5 100.000 (100.000)
Epoch: [18][0/316]	 Time 0.271 (0.271)	Loss 0.0621 (0.0621)	Prec@1 100.000 (100.000)	Prec@5 100.000 (100.000)
Epoch: [18][10/316]	 Time 0.044 (0.065)	Loss 0.1738 (0.1960)	Prec@1 93.750 (94.318)	Prec@5 100.000 (100.000)
Epoch: [18][20/316]	 Time 0.032 (0.051)	Loss 0.0879 (0.1786)	Prec@1 96.875 (94.196)	Prec@5 100.000 (100.000)
Epoch: [18][30/316]	 Time 0.034 (0.046)	Loss 0.1710 (0.1652)	Prec@1 93.750 (94.859)	Prec@5 100.000 (100.000)
Epoch: [18][40/316]	 Time 0.036 (0.043)	Loss 0.1799 (0.1455)	Prec@1 90.625 (95.351)	Prec@5 100.000 (100.000)
Epoch: [18][50/316]	 Time 0.033 (0.042)	Loss 0.0410 (0.1325)	Prec@1 96.875 (95.527)	Prec@5 100.000 (100.000)
Epoch: [18][60/316]	 Time 0.037 (0.042)	Loss 0.0079 (0.1249)	Prec@1 100.000 (95.799)	Prec@5 100.000 (100.000)
Epoch: [18][70/316]	 Time 0.044 (0.041)	Loss 0.0595 (0.1216)	Prec@1 96.875 (95.731)	Prec@5 100.000 (100.000)
Epoch: [18][80/316]	 Time 0.053 (0.040)	Loss 0.0565 (0.1157)	Prec@1 96.875 (95.949)	Prec@5 100.000 (100.000)
Epoch: [18][90/316]	 Time 0.030 (0.040)	Loss 0.0899 (0.1086)	Prec@1 96.875 (96.223)	Prec@5 100.000 (100.000)
Epoch: [18][100/316]	 Time 0.033 (0.039)	Loss 0.0091 (0.1022)	Prec@1 100.000 (96.473)	Prec@5 100.000 (100.000)
Epoch: [18][110/316]	 Time 0.031 (0.039)	Loss 0.0044 (0.1035)	Prec@1 100.000 (96.368)	Prec@5 100.000 (100.000)
Epoch: [18][120/316]	 Time 0.032 (0.038)	Loss 0.0523 (0.1015)	Prec@1 96.875 (96.410)	Prec@5 100.000 (100.000)
Epoch: [18][130/316]	 Time 0.034 (0.038)	Loss 0.1047 (0.0994)	Prec@1 96.875 (96.541)	Prec@5 100.000 (100.000)
Epoch: [18][140/316]	 Time 0.030 (0.038)	Loss 0.0549 (0.0961)	Prec@1 96.875 (96.631)	Prec@5 100.000 (100.000)
Epoch: [18][150/316]	 Time 0.039 (0.038)	Loss 0.0717 (0.0939)	Prec@1 96.875 (96.709)	Prec@5 100.000 (100.000)
Epoch: [18][160/316]	 Time 0.031 (0.038)	Loss 0.0260 (0.0949)	Prec@1 100.000 (96.720)	Prec@5 100.000 (100.000)
Epoch: [18][170/316]	 Time 0.029 (0.038)	Loss 0.0046 (0.0915)	Prec@1 100.000 (96.820)	Prec@5 100.000 (100.000)
Epoch: [18][180/316]	 Time 0.044 (0.038)	Loss 0.0094 (0.0904)	Prec@1 100.000 (96.858)	Prec@5 100.000 (100.000)
Epoch: [18][190/316]	 Time 0.030 (0.037)	Loss 0.0053 (0.0903)	Prec@1 100.000 (96.842)	Prec@5 100.000 (100.000)
Epoch: [18][200/316]	 Time 0.044 (0.037)	Loss 0.0216 (0.0893)	Prec@1 100.000 (96.859)	Prec@5 100.000 (100.000)
Epoch: [18][210/316]	 Time 0.042 (0.037)	Loss 0.1897 (0.0885)	Prec@1 93.750 (96.860)	Prec@5 100.000 (100.000)
Epoch: [18][220/316]	 Time 0.031 (0.037)	Loss 0.0336 (0.0856)	Prec@1 96.875 (96.960)	Prec@5 100.000 (100.000)
Epoch: [18][230/316]	 Time 0.032 (0.037)	Loss 0.1156 (0.0841)	Prec@1 96.875 (97.010)	Prec@5 100.000 (100.000)
Epoch: [18][240/316]	 Time 0.042 (0.037)	Loss 0.0155 (0.0822)	Prec@1 100.000 (97.057)	Prec@5 100.000 (100.000)
Epoch: [18][250/316]	 Time 0.051 (0.037)	Loss 0.0147 (0.0809)	Prec@1 100.000 (97.136)	Prec@5 100.000 (100.000)
Epoch: [18][260/316]	 Time 0.038 (0.037)	Loss 0.2226 (0.0823)	Prec@1 93.750 (97.055)	Prec@5 100.000 (100.000)
Epoch: [18][270/316]	 Time 0.032 (0.037)	Loss 0.1330 (0.0831)	Prec@1 96.875 (97.036)	Prec@5 100.000 (100.000)
Epoch: [18][280/316]	 Time 0.030 (0.037)	Loss 0.0202 (0.0820)	Prec@1 100.000 (97.086)	Prec@5 100.000 (100.000)
Epoch: [18][290/316]	 Time 0.036 (0.037)	Loss 0.1418 (0.0824)	Prec@1 96.875 (97.068)	Prec@5 100.000 (100.000)
Epoch: [18][300/316]	 Time 0.031 (0.037)	Loss 0.0752 (0.0822)	Prec@1 96.875 (97.093)	Prec@5 100.000 (100.000)
Epoch: [18][310/316]	 Time 0.031 (0.037)	Loss 0.1258 (0.0817)	Prec@1 96.875 (97.106)	Prec@5 100.000 (100.000)
Test: [0/40]	Time 0.228 (0.228)	Loss 0.0062 (0.0062)	Prec@1 100.000 (100.000)	Prec@5 100.000 (100.000)
Test: [10/40]	Time 0.048 (0.061)	Loss 0.0156 (0.1047)	Prec@1 100.000 (94.602)	Prec@5 100.000 (100.000)
Test: [20/40]	Time 0.040 (0.054)	Loss 0.0037 (0.1111)	Prec@1 100.000 (94.048)	Prec@5 100.000 (100.000)
Test: [30/40]	Time 0.048 (0.053)	Loss 0.1210 (0.1455)	Prec@1 96.875 (94.254)	Prec@5 100.000 (100.000)
Epoch: [19][0/316]	 Time 0.225 (0.225)	Loss 0.0173 (0.0173)	Prec@1 100.000 (100.000)	Prec@5 100.000 (100.000)
Epoch: [19][10/316]	 Time 0.035 (0.058)	Loss 0.0743 (0.0671)	Prec@1 96.875 (96.875)	Prec@5 100.000 (100.000)
Epoch: [19][20/316]	 Time 0.039 (0.047)	Loss 0.1464 (0.0764)	Prec@1 96.875 (96.726)	Prec@5 100.000 (100.000)
Epoch: [19][30/316]	 Time 0.040 (0.045)	Loss 0.0383 (0.0709)	Prec@1 100.000 (97.177)	Prec@5 100.000 (100.000)
Epoch: [19][40/316]	 Time 0.031 (0.043)	Loss 0.0112 (0.0726)	Prec@1 100.000 (97.027)	Prec@5 100.000 (100.000)
Epoch: [19][50/316]	 Time 0.034 (0.041)	Loss 0.0765 (0.0707)	Prec@1 96.875 (97.181)	Prec@5 100.000 (100.000)
Epoch: [19][60/316]	 Time 0.031 (0.040)	Loss 0.1538 (0.0693)	Prec@1 93.750 (97.336)	Prec@5 100.000 (100.000)
Epoch: [19][70/316]	 Time 0.030 (0.040)	Loss 0.0186 (0.0663)	Prec@1 100.000 (97.535)	Prec@5 100.000 (100.000)
Epoch: [19][80/316]	 Time 0.049 (0.040)	Loss 0.0125 (0.0645)	Prec@1 100.000 (97.569)	Prec@5 100.000 (100.000)
Epoch: [19][90/316]	 Time 0.039 (0.040)	Loss 0.1072 (0.0640)	Prec@1 96.875 (97.596)	Prec@5 100.000 (100.000)
Epoch: [19][100/316]	 Time 0.030 (0.039)	Loss 0.0427 (0.0642)	Prec@1 96.875 (97.556)	Prec@5 100.000 (100.000)
Epoch: [19][110/316]	 Time 0.035 (0.040)	Loss 0.0256 (0.0627)	Prec@1 100.000 (97.635)	Prec@5 100.000 (100.000)
Epoch: [19][120/316]	 Time 0.029 (0.039)	Loss 0.0058 (0.0606)	Prec@1 100.000 (97.753)	Prec@5 100.000 (100.000)
Epoch: [19][130/316]	 Time 0.033 (0.039)	Loss 0.0049 (0.0571)	Prec@1 100.000 (97.901)	Prec@5 100.000 (100.000)
Epoch: [19][140/316]	 Time 0.034 (0.039)	Loss 0.0833 (0.0611)	Prec@1 96.875 (97.806)	Prec@5 100.000 (100.000)
Epoch: [19][150/316]	 Time 0.041 (0.039)	Loss 0.0837 (0.0637)	Prec@1 96.875 (97.682)	Prec@5 100.000 (100.000)
Epoch: [19][160/316]	 Time 0.076 (0.039)	Loss 0.0830 (0.0659)	Prec@1 96.875 (97.632)	Prec@5 100.000 (100.000)
Epoch: [19][170/316]	 Time 0.032 (0.039)	Loss 0.0217 (0.0654)	Prec@1 100.000 (97.624)	Prec@5 100.000 (100.000)
Epoch: [19][180/316]	 Time 0.031 (0.038)	Loss 0.0998 (0.0666)	Prec@1 93.750 (97.617)	Prec@5 100.000 (100.000)
Epoch: [19][190/316]	 Time 0.030 (0.038)	Loss 0.0210 (0.0656)	Prec@1 100.000 (97.644)	Prec@5 100.000 (100.000)
Epoch: [19][200/316]	 Time 0.030 (0.038)	Loss 0.0473 (0.0642)	Prec@1 96.875 (97.683)	Prec@5 100.000 (100.000)
Epoch: [19][210/316]	 Time 0.030 (0.038)	Loss 0.0150 (0.0653)	Prec@1 100.000 (97.660)	Prec@5 100.000 (100.000)
Epoch: [19][220/316]	 Time 0.030 (0.038)	Loss 0.1145 (0.0664)	Prec@1 93.750 (97.610)	Prec@5 100.000 (100.000)
Epoch: [19][230/316]	 Time 0.038 (0.038)	Loss 0.1669 (0.0667)	Prec@1 93.750 (97.565)	Prec@5 100.000 (100.000)
Epoch: [19][240/316]	 Time 0.032 (0.038)	Loss 0.0770 (0.0669)	Prec@1 96.875 (97.549)	Prec@5 100.000 (100.000)
Epoch: [19][250/316]	 Time 0.035 (0.038)	Loss 0.0248 (0.0657)	Prec@1 100.000 (97.610)	Prec@5 100.000 (100.000)
Epoch: [19][260/316]	 Time 0.060 (0.038)	Loss 0.0071 (0.0651)	Prec@1 100.000 (97.617)	Prec@5 100.000 (100.000)
Epoch: [19][270/316]	 Time 0.031 (0.037)	Loss 0.0065 (0.0642)	Prec@1 100.000 (97.625)	Prec@5 100.000 (100.000)
Epoch: [19][280/316]	 Time 0.037 (0.037)	Loss 0.0044 (0.0628)	Prec@1 100.000 (97.687)	Prec@5 100.000 (100.000)
Epoch: [19][290/316]	 Time 0.030 (0.037)	Loss 0.0148 (0.0621)	Prec@1 100.000 (97.702)	Prec@5 100.000 (100.000)
Epoch: [19][300/316]	 Time 0.035 (0.037)	Loss 0.0357 (0.0625)	Prec@1 100.000 (97.685)	Prec@5 100.000 (100.000)
Epoch: [19][310/316]	 Time 0.030 (0.037)	Loss 0.0734 (0.0636)	Prec@1 96.875 (97.649)	Prec@5 100.000 (100.000)
Test: [0/40]	Time 0.228 (0.228)	Loss 0.0037 (0.0037)	Prec@1 100.000 (100.000)	Prec@5 100.000 (100.000)
Test: [10/40]	Time 0.048 (0.064)	Loss 0.0034 (0.0360)	Prec@1 100.000 (98.580)	Prec@5 100.000 (100.000)
Test: [20/40]	Time 0.057 (0.057)	Loss 0.1086 (0.1311)	Prec@1 93.750 (94.048)	Prec@5 100.000 (100.000)
Test: [30/40]	Time 0.071 (0.055)	Loss 0.2978 (0.2076)	Prec@1 84.375 (92.238)	Prec@5 100.000 (100.000)
